[14-Aug-2020 13:31:11 UTC] PHP Fatal error:  Uncaught CredisException: Connection to Redis /home/saree/.kxcache/redis.sock: failed after 11 failures.Last Error : (1) Connection refused in /home/saree/public_html/vendor/colinmollenhour/credis/Client.php:475
Stack trace:
#0 /home/saree/public_html/vendor/colinmollenhour/credis/Client.php(471): Credis_Client->connect()
#1 /home/saree/public_html/vendor/colinmollenhour/credis/Client.php(471): Credis_Client->connect()
#2 /home/saree/public_html/vendor/colinmollenhour/credis/Client.php(471): Credis_Client->connect()
#3 /home/saree/public_html/vendor/colinmollenhour/credis/Client.php(471): Credis_Client->connect()
#4 /home/saree/public_html/vendor/colinmollenhour/credis/Client.php(471): Credis_Client->connect()
#5 /home/saree/public_html/vendor/colinmollenhour/credis/Client.php(471): Credis_Client->connect()
#6 /home/saree/public_html/vendor/colinmollenhour/credis/Client.php(471): Credis_Client->connect()
#7 /home/saree/public_html/vendor/colinmollenhour/credis/Client.php(471): Credis_Client->connect()
#8 /hom in /home/saree/public_html/vendor/colinmollenhour/credis/Client.php on line 475
[14-Aug-2020 13:31:11 UTC] PHP Fatal error:  Uncaught CredisException: Connection to Redis /home/saree/.kxcache/redis.sock: failed after 11 failures.Last Error : (1) Connection refused in /home/saree/public_html/vendor/colinmollenhour/credis/Client.php:475
Stack trace:
#0 /home/saree/public_html/vendor/colinmollenhour/credis/Client.php(471): Credis_Client->connect()
#1 /home/saree/public_html/vendor/colinmollenhour/credis/Client.php(471): Credis_Client->connect()
#2 /home/saree/public_html/vendor/colinmollenhour/credis/Client.php(471): Credis_Client->connect()
#3 /home/saree/public_html/vendor/colinmollenhour/credis/Client.php(471): Credis_Client->connect()
#4 /home/saree/public_html/vendor/colinmollenhour/credis/Client.php(471): Credis_Client->connect()
#5 /home/saree/public_html/vendor/colinmollenhour/credis/Client.php(471): Credis_Client->connect()
#6 /home/saree/public_html/vendor/colinmollenhour/credis/Client.php(471): Credis_Client->connect()
#7 /home/saree/public_html/vendor/colinmollenhour/credis/Client.php(471): Credis_Client->connect()
#8 /hom in /home/saree/public_html/vendor/colinmollenhour/credis/Client.php on line 475
[14-Aug-2020 13:31:33 UTC] PHP Fatal error:  Uncaught PDOException: SQLSTATE[HY000] [2002] No such file or directory in /home/saree/public_html/vendor/magento/zendframework1/library/Zend/Db/Adapter/Pdo/Abstract.php:128
Stack trace:
#0 /home/saree/public_html/vendor/magento/zendframework1/library/Zend/Db/Adapter/Pdo/Abstract.php(128): PDO->__construct('mysql:host=loca...', 'saree_user', 'j4M#5oF#C2*@', Array)
#1 /home/saree/public_html/vendor/magento/zendframework1/library/Zend/Db/Adapter/Pdo/Mysql.php(111): Zend_Db_Adapter_Pdo_Abstract->_connect()
#2 /home/saree/public_html/vendor/magento/framework/DB/Adapter/Pdo/Mysql.php(406): Zend_Db_Adapter_Pdo_Mysql->_connect()
#3 /home/saree/public_html/vendor/magento/zendframework1/library/Zend/Db/Adapter/Abstract.php(460): Magento\Framework\DB\Adapter\Pdo\Mysql->_connect()
#4 /home/saree/public_html/vendor/magento/zendframework1/library/Zend/Db/Adapter/Pdo/Abstract.php(238): Zend_Db_Adapter_Abstract->query('SELECT `main_ta...', Array)
#5 /home/saree/public_html/vendor/magento/framework/DB/Adapter/Pdo/Mysql.php(5 in /home/saree/public_html/vendor/magento/zendframework1/library/Zend/Db/Adapter/Pdo/Abstract.php on line 144
[14-Aug-2020 13:31:34 UTC] PHP Fatal error:  Uncaught PDOException: SQLSTATE[HY000] [2002] No such file or directory in /home/saree/public_html/vendor/magento/zendframework1/library/Zend/Db/Adapter/Pdo/Abstract.php:128
Stack trace:
#0 /home/saree/public_html/vendor/magento/zendframework1/library/Zend/Db/Adapter/Pdo/Abstract.php(128): PDO->__construct('mysql:host=loca...', 'saree_user', 'j4M#5oF#C2*@', Array)
#1 /home/saree/public_html/vendor/magento/zendframework1/library/Zend/Db/Adapter/Pdo/Mysql.php(111): Zend_Db_Adapter_Pdo_Abstract->_connect()
#2 /home/saree/public_html/vendor/magento/framework/DB/Adapter/Pdo/Mysql.php(406): Zend_Db_Adapter_Pdo_Mysql->_connect()
#3 /home/saree/public_html/vendor/magento/zendframework1/library/Zend/Db/Adapter/Abstract.php(460): Magento\Framework\DB\Adapter\Pdo\Mysql->_connect()
#4 /home/saree/public_html/vendor/magento/zendframework1/library/Zend/Db/Adapter/Pdo/Abstract.php(238): Zend_Db_Adapter_Abstract->query('SELECT `main_ta...', Array)
#5 /home/saree/public_html/vendor/magento/framework/DB/Adapter/Pdo/Mysql.php(5 in /home/saree/public_html/vendor/magento/zendframework1/library/Zend/Db/Adapter/Pdo/Abstract.php on line 144
[14-Aug-2020 13:41:44 UTC] PHP Fatal error:  Uncaught CredisException: Connection to Redis /home/saree/.kxcache/redis.sock: failed after 11 failures.Last Error : (1) Connection refused in /home/saree/public_html/vendor/colinmollenhour/credis/Client.php:475
Stack trace:
#0 /home/saree/public_html/vendor/colinmollenhour/credis/Client.php(471): Credis_Client->connect()
#1 /home/saree/public_html/vendor/colinmollenhour/credis/Client.php(471): Credis_Client->connect()
#2 /home/saree/public_html/vendor/colinmollenhour/credis/Client.php(471): Credis_Client->connect()
#3 /home/saree/public_html/vendor/colinmollenhour/credis/Client.php(471): Credis_Client->connect()
#4 /home/saree/public_html/vendor/colinmollenhour/credis/Client.php(471): Credis_Client->connect()
#5 /home/saree/public_html/vendor/colinmollenhour/credis/Client.php(471): Credis_Client->connect()
#6 /home/saree/public_html/vendor/colinmollenhour/credis/Client.php(471): Credis_Client->connect()
#7 /home/saree/public_html/vendor/colinmollenhour/credis/Client.php(471): Credis_Client->connect()
#8 /hom in /home/saree/public_html/vendor/colinmollenhour/credis/Client.php on line 475
[14-Aug-2020 13:41:44 UTC] PHP Fatal error:  Uncaught CredisException: Connection to Redis /home/saree/.kxcache/redis.sock: failed after 11 failures.Last Error : (1) Connection refused in /home/saree/public_html/vendor/colinmollenhour/credis/Client.php:475
Stack trace:
#0 /home/saree/public_html/vendor/colinmollenhour/credis/Client.php(471): Credis_Client->connect()
#1 /home/saree/public_html/vendor/colinmollenhour/credis/Client.php(471): Credis_Client->connect()
#2 /home/saree/public_html/vendor/colinmollenhour/credis/Client.php(471): Credis_Client->connect()
#3 /home/saree/public_html/vendor/colinmollenhour/credis/Client.php(471): Credis_Client->connect()
#4 /home/saree/public_html/vendor/colinmollenhour/credis/Client.php(471): Credis_Client->connect()
#5 /home/saree/public_html/vendor/colinmollenhour/credis/Client.php(471): Credis_Client->connect()
#6 /home/saree/public_html/vendor/colinmollenhour/credis/Client.php(471): Credis_Client->connect()
#7 /home/saree/public_html/vendor/colinmollenhour/credis/Client.php(471): Credis_Client->connect()
#8 /hom in /home/saree/public_html/vendor/colinmollenhour/credis/Client.php on line 475
[14-Aug-2020 13:41:44 UTC] PHP Fatal error:  Uncaught CredisException: Connection to Redis /home/saree/.kxcache/redis.sock: failed after 11 failures.Last Error : (1) Connection refused in /home/saree/public_html/vendor/colinmollenhour/credis/Client.php:475
Stack trace:
#0 /home/saree/public_html/vendor/colinmollenhour/credis/Client.php(471): Credis_Client->connect()
#1 /home/saree/public_html/vendor/colinmollenhour/credis/Client.php(471): Credis_Client->connect()
#2 /home/saree/public_html/vendor/colinmollenhour/credis/Client.php(471): Credis_Client->connect()
#3 /home/saree/public_html/vendor/colinmollenhour/credis/Client.php(471): Credis_Client->connect()
#4 /home/saree/public_html/vendor/colinmollenhour/credis/Client.php(471): Credis_Client->connect()
#5 /home/saree/public_html/vendor/colinmollenhour/credis/Client.php(471): Credis_Client->connect()
#6 /home/saree/public_html/vendor/colinmollenhour/credis/Client.php(471): Credis_Client->connect()
#7 /home/saree/public_html/vendor/colinmollenhour/credis/Client.php(471): Credis_Client->connect()
#8 /hom in /home/saree/public_html/vendor/colinmollenhour/credis/Client.php on line 475
[14-Aug-2020 13:42:00 UTC] PHP Fatal error:  Uncaught PDOException: SQLSTATE[HY000] [2002] No such file or directory in /home/saree/public_html/vendor/magento/zendframework1/library/Zend/Db/Adapter/Pdo/Abstract.php:128
Stack trace:
#0 /home/saree/public_html/vendor/magento/zendframework1/library/Zend/Db/Adapter/Pdo/Abstract.php(128): PDO->__construct('mysql:host=loca...', 'saree_user', 'j4M#5oF#C2*@', Array)
#1 /home/saree/public_html/vendor/magento/zendframework1/library/Zend/Db/Adapter/Pdo/Mysql.php(111): Zend_Db_Adapter_Pdo_Abstract->_connect()
#2 /home/saree/public_html/vendor/magento/framework/DB/Adapter/Pdo/Mysql.php(406): Zend_Db_Adapter_Pdo_Mysql->_connect()
#3 /home/saree/public_html/vendor/magento/zendframework1/library/Zend/Db/Adapter/Abstract.php(460): Magento\Framework\DB\Adapter\Pdo\Mysql->_connect()
#4 /home/saree/public_html/vendor/magento/zendframework1/library/Zend/Db/Adapter/Pdo/Abstract.php(238): Zend_Db_Adapter_Abstract->query('SELECT `main_ta...', Array)
#5 /home/saree/public_html/vendor/magento/framework/DB/Adapter/Pdo/Mysql.php(5 in /home/saree/public_html/vendor/magento/zendframework1/library/Zend/Db/Adapter/Pdo/Abstract.php on line 144
[14-Aug-2020 13:42:01 UTC] PHP Fatal error:  Uncaught PDOException: SQLSTATE[HY000] [2002] No such file or directory in /home/saree/public_html/vendor/magento/zendframework1/library/Zend/Db/Adapter/Pdo/Abstract.php:128
Stack trace:
#0 /home/saree/public_html/vendor/magento/zendframework1/library/Zend/Db/Adapter/Pdo/Abstract.php(128): PDO->__construct('mysql:host=loca...', 'saree_user', 'j4M#5oF#C2*@', Array)
#1 /home/saree/public_html/vendor/magento/zendframework1/library/Zend/Db/Adapter/Pdo/Mysql.php(111): Zend_Db_Adapter_Pdo_Abstract->_connect()
#2 /home/saree/public_html/vendor/magento/framework/DB/Adapter/Pdo/Mysql.php(406): Zend_Db_Adapter_Pdo_Mysql->_connect()
#3 /home/saree/public_html/vendor/magento/zendframework1/library/Zend/Db/Adapter/Abstract.php(460): Magento\Framework\DB\Adapter\Pdo\Mysql->_connect()
#4 /home/saree/public_html/vendor/magento/zendframework1/library/Zend/Db/Adapter/Pdo/Abstract.php(238): Zend_Db_Adapter_Abstract->query('SELECT `main_ta...', Array)
#5 /home/saree/public_html/vendor/magento/framework/DB/Adapter/Pdo/Mysql.php(5 in /home/saree/public_html/vendor/magento/zendframework1/library/Zend/Db/Adapter/Pdo/Abstract.php on line 144
[14-Aug-2020 15:04:30 UTC] PHP Fatal error:  Uncaught CredisException: Connection to Redis /home/saree/.kxcache/redis.sock: failed after 11 failures.Last Error : (1) Connection refused in /home/saree/public_html/vendor/colinmollenhour/credis/Client.php:475
Stack trace:
#0 /home/saree/public_html/vendor/colinmollenhour/credis/Client.php(471): Credis_Client->connect()
#1 /home/saree/public_html/vendor/colinmollenhour/credis/Client.php(471): Credis_Client->connect()
#2 /home/saree/public_html/vendor/colinmollenhour/credis/Client.php(471): Credis_Client->connect()
#3 /home/saree/public_html/vendor/colinmollenhour/credis/Client.php(471): Credis_Client->connect()
#4 /home/saree/public_html/vendor/colinmollenhour/credis/Client.php(471): Credis_Client->connect()
#5 /home/saree/public_html/vendor/colinmollenhour/credis/Client.php(471): Credis_Client->connect()
#6 /home/saree/public_html/vendor/colinmollenhour/credis/Client.php(471): Credis_Client->connect()
#7 /home/saree/public_html/vendor/colinmollenhour/credis/Client.php(471): Credis_Client->connect()
#8 /hom in /home/saree/public_html/vendor/colinmollenhour/credis/Client.php on line 475
[16-Aug-2020 14:27:24 UTC] PHP Fatal error:  Uncaught CredisException: Connection to Redis /home/saree/.kxcache/redis.sock: failed after 11 failures.Last Error : (1) No such file or directory in /home/saree/public_html/vendor/colinmollenhour/credis/Client.php:475
Stack trace:
#0 /home/saree/public_html/vendor/colinmollenhour/credis/Client.php(471): Credis_Client->connect()
#1 /home/saree/public_html/vendor/colinmollenhour/credis/Client.php(471): Credis_Client->connect()
#2 /home/saree/public_html/vendor/colinmollenhour/credis/Client.php(471): Credis_Client->connect()
#3 /home/saree/public_html/vendor/colinmollenhour/credis/Client.php(471): Credis_Client->connect()
#4 /home/saree/public_html/vendor/colinmollenhour/credis/Client.php(471): Credis_Client->connect()
#5 /home/saree/public_html/vendor/colinmollenhour/credis/Client.php(471): Credis_Client->connect()
#6 /home/saree/public_html/vendor/colinmollenhour/credis/Client.php(471): Credis_Client->connect()
#7 /home/saree/public_html/vendor/colinmollenhour/credis/Client.php(471): Credis_Client->connect()
 in /home/saree/public_html/vendor/colinmollenhour/credis/Client.php on line 475
[16-Aug-2020 14:30:52 UTC] PHP Fatal error:  Uncaught CredisException: Connection to Redis /home/saree/.kxcache/redis.sock: failed after 11 failures.Last Error : (1) No such file or directory in /home/saree/public_html/vendor/colinmollenhour/credis/Client.php:475
Stack trace:
#0 /home/saree/public_html/vendor/colinmollenhour/credis/Client.php(471): Credis_Client->connect()
#1 /home/saree/public_html/vendor/colinmollenhour/credis/Client.php(471): Credis_Client->connect()
#2 /home/saree/public_html/vendor/colinmollenhour/credis/Client.php(471): Credis_Client->connect()
#3 /home/saree/public_html/vendor/colinmollenhour/credis/Client.php(471): Credis_Client->connect()
#4 /home/saree/public_html/vendor/colinmollenhour/credis/Client.php(471): Credis_Client->connect()
#5 /home/saree/public_html/vendor/colinmollenhour/credis/Client.php(471): Credis_Client->connect()
#6 /home/saree/public_html/vendor/colinmollenhour/credis/Client.php(471): Credis_Client->connect()
#7 /home/saree/public_html/vendor/colinmollenhour/credis/Client.php(471): Credis_Client->connect()
 in /home/saree/public_html/vendor/colinmollenhour/credis/Client.php on line 475
[11-Jan-2021 12:11:38 UTC] PHP Fatal error:  Uncaught CredisException: Connection to Redis /home/saree/.kxcache/redis.sock: failed after 11 failures.Last Error : (1) Connection refused in /home/saree/public_html/vendor/colinmollenhour/credis/Client.php:475
Stack trace:
#0 /home/saree/public_html/vendor/colinmollenhour/credis/Client.php(471): Credis_Client->connect()
#1 /home/saree/public_html/vendor/colinmollenhour/credis/Client.php(471): Credis_Client->connect()
#2 /home/saree/public_html/vendor/colinmollenhour/credis/Client.php(471): Credis_Client->connect()
#3 /home/saree/public_html/vendor/colinmollenhour/credis/Client.php(471): Credis_Client->connect()
#4 /home/saree/public_html/vendor/colinmollenhour/credis/Client.php(471): Credis_Client->connect()
#5 /home/saree/public_html/vendor/colinmollenhour/credis/Client.php(471): Credis_Client->connect()
#6 /home/saree/public_html/vendor/colinmollenhour/credis/Client.php(471): Credis_Client->connect()
#7 /home/saree/public_html/vendor/colinmollenhour/credis/Client.php(471): Credis_Client->connect()
#8 /hom in /home/saree/public_html/vendor/colinmollenhour/credis/Client.php on line 475
[11-Jan-2021 12:11:38 UTC] PHP Fatal error:  Uncaught CredisException: Connection to Redis /home/saree/.kxcache/redis.sock: failed after 11 failures.Last Error : (1) Connection refused in /home/saree/public_html/vendor/colinmollenhour/credis/Client.php:475
Stack trace:
#0 /home/saree/public_html/vendor/colinmollenhour/credis/Client.php(471): Credis_Client->connect()
#1 /home/saree/public_html/vendor/colinmollenhour/credis/Client.php(471): Credis_Client->connect()
#2 /home/saree/public_html/vendor/colinmollenhour/credis/Client.php(471): Credis_Client->connect()
#3 /home/saree/public_html/vendor/colinmollenhour/credis/Client.php(471): Credis_Client->connect()
#4 /home/saree/public_html/vendor/colinmollenhour/credis/Client.php(471): Credis_Client->connect()
#5 /home/saree/public_html/vendor/colinmollenhour/credis/Client.php(471): Credis_Client->connect()
#6 /home/saree/public_html/vendor/colinmollenhour/credis/Client.php(471): Credis_Client->connect()
#7 /home/saree/public_html/vendor/colinmollenhour/credis/Client.php(471): Credis_Client->connect()
#8 /hom in /home/saree/public_html/vendor/colinmollenhour/credis/Client.php on line 475
[11-Jan-2021 12:11:38 UTC] PHP Fatal error:  Uncaught CredisException: Connection to Redis /home/saree/.kxcache/redis.sock: failed after 11 failures.Last Error : (1) Connection refused in /home/saree/public_html/vendor/colinmollenhour/credis/Client.php:475
Stack trace:
#0 /home/saree/public_html/vendor/colinmollenhour/credis/Client.php(471): Credis_Client->connect()
#1 /home/saree/public_html/vendor/colinmollenhour/credis/Client.php(471): Credis_Client->connect()
#2 /home/saree/public_html/vendor/colinmollenhour/credis/Client.php(471): Credis_Client->connect()
#3 /home/saree/public_html/vendor/colinmollenhour/credis/Client.php(471): Credis_Client->connect()
#4 /home/saree/public_html/vendor/colinmollenhour/credis/Client.php(471): Credis_Client->connect()
#5 /home/saree/public_html/vendor/colinmollenhour/credis/Client.php(471): Credis_Client->connect()
#6 /home/saree/public_html/vendor/colinmollenhour/credis/Client.php(471): Credis_Client->connect()
#7 /home/saree/public_html/vendor/colinmollenhour/credis/Client.php(471): Credis_Client->connect()
#8 /hom in /home/saree/public_html/vendor/colinmollenhour/credis/Client.php on line 475
[11-Jan-2021 12:11:38 UTC] PHP Fatal error:  Uncaught CredisException: Connection to Redis /home/saree/.kxcache/redis.sock: failed after 11 failures.Last Error : (1) Connection refused in /home/saree/public_html/vendor/colinmollenhour/credis/Client.php:475
Stack trace:
#0 /home/saree/public_html/vendor/colinmollenhour/credis/Client.php(471): Credis_Client->connect()
#1 /home/saree/public_html/vendor/colinmollenhour/credis/Client.php(471): Credis_Client->connect()
#2 /home/saree/public_html/vendor/colinmollenhour/credis/Client.php(471): Credis_Client->connect()
#3 /home/saree/public_html/vendor/colinmollenhour/credis/Client.php(471): Credis_Client->connect()
#4 /home/saree/public_html/vendor/colinmollenhour/credis/Client.php(471): Credis_Client->connect()
#5 /home/saree/public_html/vendor/colinmollenhour/credis/Client.php(471): Credis_Client->connect()
#6 /home/saree/public_html/vendor/colinmollenhour/credis/Client.php(471): Credis_Client->connect()
#7 /home/saree/public_html/vendor/colinmollenhour/credis/Client.php(471): Credis_Client->connect()
#8 /hom in /home/saree/public_html/vendor/colinmollenhour/credis/Client.php on line 475
[11-Jan-2021 12:11:38 UTC] PHP Fatal error:  Uncaught CredisException: Connection to Redis /home/saree/.kxcache/redis.sock: failed after 11 failures.Last Error : (1) Connection refused in /home/saree/public_html/vendor/colinmollenhour/credis/Client.php:475
Stack trace:
#0 /home/saree/public_html/vendor/colinmollenhour/credis/Client.php(471): Credis_Client->connect()
#1 /home/saree/public_html/vendor/colinmollenhour/credis/Client.php(471): Credis_Client->connect()
#2 /home/saree/public_html/vendor/colinmollenhour/credis/Client.php(471): Credis_Client->connect()
#3 /home/saree/public_html/vendor/colinmollenhour/credis/Client.php(471): Credis_Client->connect()
#4 /home/saree/public_html/vendor/colinmollenhour/credis/Client.php(471): Credis_Client->connect()
#5 /home/saree/public_html/vendor/colinmollenhour/credis/Client.php(471): Credis_Client->connect()
#6 /home/saree/public_html/vendor/colinmollenhour/credis/Client.php(471): Credis_Client->connect()
#7 /home/saree/public_html/vendor/colinmollenhour/credis/Client.php(471): Credis_Client->connect()
#8 /hom in /home/saree/public_html/vendor/colinmollenhour/credis/Client.php on line 475
[11-Jan-2021 12:11:38 UTC] PHP Fatal error:  Uncaught CredisException: Connection to Redis /home/saree/.kxcache/redis.sock: failed after 11 failures.Last Error : (1) Connection refused in /home/saree/public_html/vendor/colinmollenhour/credis/Client.php:475
Stack trace:
#0 /home/saree/public_html/vendor/colinmollenhour/credis/Client.php(471): Credis_Client->connect()
#1 /home/saree/public_html/vendor/colinmollenhour/credis/Client.php(471): Credis_Client->connect()
#2 /home/saree/public_html/vendor/colinmollenhour/credis/Client.php(471): Credis_Client->connect()
#3 /home/saree/public_html/vendor/colinmollenhour/credis/Client.php(471): Credis_Client->connect()
#4 /home/saree/public_html/vendor/colinmollenhour/credis/Client.php(471): Credis_Client->connect()
#5 /home/saree/public_html/vendor/colinmollenhour/credis/Client.php(471): Credis_Client->connect()
#6 /home/saree/public_html/vendor/colinmollenhour/credis/Client.php(471): Credis_Client->connect()
#7 /home/saree/public_html/vendor/colinmollenhour/credis/Client.php(471): Credis_Client->connect()
#8 /hom in /home/saree/public_html/vendor/colinmollenhour/credis/Client.php on line 475
[11-Jan-2021 12:11:38 UTC] PHP Fatal error:  Uncaught RedisException: read error on connection in /home/saree/public_html/vendor/colinmollenhour/credis/Client.php:1139
Stack trace:
#0 /home/saree/public_html/vendor/colinmollenhour/credis/Client.php(1139): Redis->select(1)
#1 /home/saree/public_html/vendor/colinmollenhour/credis/Client.php(637): Credis_Client->__call('select', Array)
#2 /home/saree/public_html/vendor/colinmollenhour/cache-backend-redis/Cm/Cache/Backend/Redis.php(393): Credis_Client->select(1)
#3 /home/saree/public_html/vendor/colinmollenhour/cache-backend-redis/Cm/Cache/Backend/Redis.php(250): Cm_Cache_Backend_Redis->_applyClientOptions(Object(Credis_Client))
#4 /home/saree/public_html/vendor/magento/zendframework1/library/Zend/Cache.php(153): Cm_Cache_Backend_Redis->__construct(Array)
#5 /home/saree/public_html/vendor/magento/zendframework1/library/Zend/Cache.php(94): Zend_Cache::_makeBackend('Cm_Cache_Backen...', Array, true, true)
#6 /home/saree/public_html/vendor/magento/framework/App/Cache/Frontend/Factory.php(156): Zend_Cache::fact in /home/saree/public_html/vendor/colinmollenhour/credis/Client.php on line 1157
[11-Jan-2021 12:11:38 UTC] PHP Fatal error:  Uncaught CredisException: Connection to Redis /home/saree/.kxcache/redis.sock: failed after 11 failures.Last Error : (1) Connection refused in /home/saree/public_html/vendor/colinmollenhour/credis/Client.php:475
Stack trace:
#0 /home/saree/public_html/vendor/colinmollenhour/credis/Client.php(471): Credis_Client->connect()
#1 /home/saree/public_html/vendor/colinmollenhour/credis/Client.php(471): Credis_Client->connect()
#2 /home/saree/public_html/vendor/colinmollenhour/credis/Client.php(471): Credis_Client->connect()
#3 /home/saree/public_html/vendor/colinmollenhour/credis/Client.php(471): Credis_Client->connect()
#4 /home/saree/public_html/vendor/colinmollenhour/credis/Client.php(471): Credis_Client->connect()
#5 /home/saree/public_html/vendor/colinmollenhour/credis/Client.php(471): Credis_Client->connect()
#6 /home/saree/public_html/vendor/colinmollenhour/credis/Client.php(471): Credis_Client->connect()
#7 /home/saree/public_html/vendor/colinmollenhour/credis/Client.php(471): Credis_Client->connect()
#8 /hom in /home/saree/public_html/vendor/colinmollenhour/credis/Client.php on line 475
[11-Jan-2021 12:11:38 UTC] PHP Fatal error:  Uncaught CredisException: Connection to Redis /home/saree/.kxcache/redis.sock: failed after 11 failures.Last Error : (1) Connection refused in /home/saree/public_html/vendor/colinmollenhour/credis/Client.php:475
Stack trace:
#0 /home/saree/public_html/vendor/colinmollenhour/credis/Client.php(471): Credis_Client->connect()
#1 /home/saree/public_html/vendor/colinmollenhour/credis/Client.php(471): Credis_Client->connect()
#2 /home/saree/public_html/vendor/colinmollenhour/credis/Client.php(471): Credis_Client->connect()
#3 /home/saree/public_html/vendor/colinmollenhour/credis/Client.php(471): Credis_Client->connect()
#4 /home/saree/public_html/vendor/colinmollenhour/credis/Client.php(471): Credis_Client->connect()
#5 /home/saree/public_html/vendor/colinmollenhour/credis/Client.php(471): Credis_Client->connect()
#6 /home/saree/public_html/vendor/colinmollenhour/credis/Client.php(471): Credis_Client->connect()
#7 /home/saree/public_html/vendor/colinmollenhour/credis/Client.php(471): Credis_Client->connect()
#8 /hom in /home/saree/public_html/vendor/colinmollenhour/credis/Client.php on line 475
[11-Jan-2021 12:11:38 UTC] PHP Fatal error:  Uncaught CredisException: Connection to Redis /home/saree/.kxcache/redis.sock: failed after 11 failures.Last Error : (1) Connection refused in /home/saree/public_html/vendor/colinmollenhour/credis/Client.php:475
Stack trace:
#0 /home/saree/public_html/vendor/colinmollenhour/credis/Client.php(471): Credis_Client->connect()
#1 /home/saree/public_html/vendor/colinmollenhour/credis/Client.php(471): Credis_Client->connect()
#2 /home/saree/public_html/vendor/colinmollenhour/credis/Client.php(471): Credis_Client->connect()
#3 /home/saree/public_html/vendor/colinmollenhour/credis/Client.php(471): Credis_Client->connect()
#4 /home/saree/public_html/vendor/colinmollenhour/credis/Client.php(471): Credis_Client->connect()
#5 /home/saree/public_html/vendor/colinmollenhour/credis/Client.php(471): Credis_Client->connect()
#6 /home/saree/public_html/vendor/colinmollenhour/credis/Client.php(471): Credis_Client->connect()
#7 /home/saree/public_html/vendor/colinmollenhour/credis/Client.php(471): Credis_Client->connect()
#8 /hom in /home/saree/public_html/vendor/colinmollenhour/credis/Client.php on line 475
[11-Jan-2021 12:11:38 UTC] PHP Fatal error:  Uncaught CredisException: Connection to Redis /home/saree/.kxcache/redis.sock: failed after 11 failures.Last Error : (1) Connection refused in /home/saree/public_html/vendor/colinmollenhour/credis/Client.php:475
Stack trace:
#0 /home/saree/public_html/vendor/colinmollenhour/credis/Client.php(471): Credis_Client->connect()
#1 /home/saree/public_html/vendor/colinmollenhour/credis/Client.php(471): Credis_Client->connect()
#2 /home/saree/public_html/vendor/colinmollenhour/credis/Client.php(471): Credis_Client->connect()
#3 /home/saree/public_html/vendor/colinmollenhour/credis/Client.php(471): Credis_Client->connect()
#4 /home/saree/public_html/vendor/colinmollenhour/credis/Client.php(471): Credis_Client->connect()
#5 /home/saree/public_html/vendor/colinmollenhour/credis/Client.php(471): Credis_Client->connect()
#6 /home/saree/public_html/vendor/colinmollenhour/credis/Client.php(471): Credis_Client->connect()
#7 /home/saree/public_html/vendor/colinmollenhour/credis/Client.php(471): Credis_Client->connect()
#8 /hom in /home/saree/public_html/vendor/colinmollenhour/credis/Client.php on line 475
[11-Jan-2021 12:11:38 UTC] PHP Fatal error:  Uncaught CredisException: Connection to Redis /home/saree/.kxcache/redis.sock: failed after 11 failures.Last Error : (1) Connection refused in /home/saree/public_html/vendor/colinmollenhour/credis/Client.php:475
Stack trace:
#0 /home/saree/public_html/vendor/colinmollenhour/credis/Client.php(471): Credis_Client->connect()
#1 /home/saree/public_html/vendor/colinmollenhour/credis/Client.php(471): Credis_Client->connect()
#2 /home/saree/public_html/vendor/colinmollenhour/credis/Client.php(471): Credis_Client->connect()
#3 /home/saree/public_html/vendor/colinmollenhour/credis/Client.php(471): Credis_Client->connect()
#4 /home/saree/public_html/vendor/colinmollenhour/credis/Client.php(471): Credis_Client->connect()
#5 /home/saree/public_html/vendor/colinmollenhour/credis/Client.php(471): Credis_Client->connect()
#6 /home/saree/public_html/vendor/colinmollenhour/credis/Client.php(471): Credis_Client->connect()
#7 /home/saree/public_html/vendor/colinmollenhour/credis/Client.php(471): Credis_Client->connect()
#8 /hom in /home/saree/public_html/vendor/colinmollenhour/credis/Client.php on line 475
[11-Jan-2021 12:11:38 UTC] PHP Fatal error:  Uncaught CredisException: Connection to Redis /home/saree/.kxcache/redis.sock: failed after 11 failures.Last Error : (1) Connection refused in /home/saree/public_html/vendor/colinmollenhour/credis/Client.php:475
Stack trace:
#0 /home/saree/public_html/vendor/colinmollenhour/credis/Client.php(471): Credis_Client->connect()
#1 /home/saree/public_html/vendor/colinmollenhour/credis/Client.php(471): Credis_Client->connect()
#2 /home/saree/public_html/vendor/colinmollenhour/credis/Client.php(471): Credis_Client->connect()
#3 /home/saree/public_html/vendor/colinmollenhour/credis/Client.php(471): Credis_Client->connect()
#4 /home/saree/public_html/vendor/colinmollenhour/credis/Client.php(471): Credis_Client->connect()
#5 /home/saree/public_html/vendor/colinmollenhour/credis/Client.php(471): Credis_Client->connect()
#6 /home/saree/public_html/vendor/colinmollenhour/credis/Client.php(471): Credis_Client->connect()
#7 /home/saree/public_html/vendor/colinmollenhour/credis/Client.php(471): Credis_Client->connect()
#8 /hom in /home/saree/public_html/vendor/colinmollenhour/credis/Client.php on line 475
[11-Jan-2021 12:11:39 UTC] PHP Fatal error:  Uncaught CredisException: Connection to Redis /home/saree/.kxcache/redis.sock: failed after 11 failures.Last Error : (1) Connection refused in /home/saree/public_html/vendor/colinmollenhour/credis/Client.php:475
Stack trace:
#0 /home/saree/public_html/vendor/colinmollenhour/credis/Client.php(471): Credis_Client->connect()
#1 /home/saree/public_html/vendor/colinmollenhour/credis/Client.php(471): Credis_Client->connect()
#2 /home/saree/public_html/vendor/colinmollenhour/credis/Client.php(471): Credis_Client->connect()
#3 /home/saree/public_html/vendor/colinmollenhour/credis/Client.php(471): Credis_Client->connect()
#4 /home/saree/public_html/vendor/colinmollenhour/credis/Client.php(471): Credis_Client->connect()
#5 /home/saree/public_html/vendor/colinmollenhour/credis/Client.php(471): Credis_Client->connect()
#6 /home/saree/public_html/vendor/colinmollenhour/credis/Client.php(471): Credis_Client->connect()
#7 /home/saree/public_html/vendor/colinmollenhour/credis/Client.php(471): Credis_Client->connect()
#8 /hom in /home/saree/public_html/vendor/colinmollenhour/credis/Client.php on line 475
[11-Jan-2021 12:11:39 UTC] PHP Fatal error:  Uncaught CredisException: Connection to Redis /home/saree/.kxcache/redis.sock: failed after 11 failures.Last Error : (1) Connection refused in /home/saree/public_html/vendor/colinmollenhour/credis/Client.php:475
Stack trace:
#0 /home/saree/public_html/vendor/colinmollenhour/credis/Client.php(471): Credis_Client->connect()
#1 /home/saree/public_html/vendor/colinmollenhour/credis/Client.php(471): Credis_Client->connect()
#2 /home/saree/public_html/vendor/colinmollenhour/credis/Client.php(471): Credis_Client->connect()
#3 /home/saree/public_html/vendor/colinmollenhour/credis/Client.php(471): Credis_Client->connect()
#4 /home/saree/public_html/vendor/colinmollenhour/credis/Client.php(471): Credis_Client->connect()
#5 /home/saree/public_html/vendor/colinmollenhour/credis/Client.php(471): Credis_Client->connect()
#6 /home/saree/public_html/vendor/colinmollenhour/credis/Client.php(471): Credis_Client->connect()
#7 /home/saree/public_html/vendor/colinmollenhour/credis/Client.php(471): Credis_Client->connect()
#8 /hom in /home/saree/public_html/vendor/colinmollenhour/credis/Client.php on line 475
[11-Jan-2021 12:11:39 UTC] PHP Fatal error:  Uncaught CredisException: Connection to Redis /home/saree/.kxcache/redis.sock: failed after 11 failures.Last Error : (1) Connection refused in /home/saree/public_html/vendor/colinmollenhour/credis/Client.php:475
Stack trace:
#0 /home/saree/public_html/vendor/colinmollenhour/credis/Client.php(471): Credis_Client->connect()
#1 /home/saree/public_html/vendor/colinmollenhour/credis/Client.php(471): Credis_Client->connect()
#2 /home/saree/public_html/vendor/colinmollenhour/credis/Client.php(471): Credis_Client->connect()
#3 /home/saree/public_html/vendor/colinmollenhour/credis/Client.php(471): Credis_Client->connect()
#4 /home/saree/public_html/vendor/colinmollenhour/credis/Client.php(471): Credis_Client->connect()
#5 /home/saree/public_html/vendor/colinmollenhour/credis/Client.php(471): Credis_Client->connect()
#6 /home/saree/public_html/vendor/colinmollenhour/credis/Client.php(471): Credis_Client->connect()
#7 /home/saree/public_html/vendor/colinmollenhour/credis/Client.php(471): Credis_Client->connect()
#8 /hom in /home/saree/public_html/vendor/colinmollenhour/credis/Client.php on line 475
[11-Jan-2021 12:13:28 UTC] PHP Fatal error:  Uncaught CredisException: Connection to Redis /home/saree/.kxcache/redis.sock: failed after 11 failures.Last Error : (1) Connection refused in /home/saree/public_html/vendor/colinmollenhour/credis/Client.php:475
Stack trace:
#0 /home/saree/public_html/vendor/colinmollenhour/credis/Client.php(471): Credis_Client->connect()
#1 /home/saree/public_html/vendor/colinmollenhour/credis/Client.php(471): Credis_Client->connect()
#2 /home/saree/public_html/vendor/colinmollenhour/credis/Client.php(471): Credis_Client->connect()
#3 /home/saree/public_html/vendor/colinmollenhour/credis/Client.php(471): Credis_Client->connect()
#4 /home/saree/public_html/vendor/colinmollenhour/credis/Client.php(471): Credis_Client->connect()
#5 /home/saree/public_html/vendor/colinmollenhour/credis/Client.php(471): Credis_Client->connect()
#6 /home/saree/public_html/vendor/colinmollenhour/credis/Client.php(471): Credis_Client->connect()
#7 /home/saree/public_html/vendor/colinmollenhour/credis/Client.php(471): Credis_Client->connect()
#8 /hom in /home/saree/public_html/vendor/colinmollenhour/credis/Client.php on line 475
[11-Jan-2021 12:15:28 UTC] PHP Fatal error:  Uncaught CredisException: Connection to Redis /home/saree/.kxcache/redis.sock: failed after 11 failures.Last Error : (1) Connection refused in /home/saree/public_html/vendor/colinmollenhour/credis/Client.php:475
Stack trace:
#0 /home/saree/public_html/vendor/colinmollenhour/credis/Client.php(471): Credis_Client->connect()
#1 /home/saree/public_html/vendor/colinmollenhour/credis/Client.php(471): Credis_Client->connect()
#2 /home/saree/public_html/vendor/colinmollenhour/credis/Client.php(471): Credis_Client->connect()
#3 /home/saree/public_html/vendor/colinmollenhour/credis/Client.php(471): Credis_Client->connect()
#4 /home/saree/public_html/vendor/colinmollenhour/credis/Client.php(471): Credis_Client->connect()
#5 /home/saree/public_html/vendor/colinmollenhour/credis/Client.php(471): Credis_Client->connect()
#6 /home/saree/public_html/vendor/colinmollenhour/credis/Client.php(471): Credis_Client->connect()
#7 /home/saree/public_html/vendor/colinmollenhour/credis/Client.php(471): Credis_Client->connect()
#8 /hom in /home/saree/public_html/vendor/colinmollenhour/credis/Client.php on line 475
[23-Jan-2021 05:34:50 UTC] PHP Fatal error:  Uncaught LogicException: Module 'Aheadworks_RewardPoints' from '/home/saree/public_html/app/code/Aheadworks/RewardPoints' has been already defined in '/home/saree/public_html/app/code/Aheadworks/RewardPoints_old'. in /home/saree/public_html/vendor/magento/framework/Component/ComponentRegistrar.php:50
Stack trace:
#0 /home/saree/public_html/app/code/Aheadworks/RewardPoints/registration.php(22): Magento\Framework\Component\ComponentRegistrar::register('module', 'Aheadworks_Rewa...', '/home/saree/pub...')
#1 /home/saree/public_html/app/etc/NonComposerComponentRegistration.php(29): require_once('/home/saree/pub...')
#2 [internal function]: Magento\NonComposerComponentRegistration\{closure}('/home/saree/pub...')
#3 /home/saree/public_html/app/etc/NonComposerComponentRegistration.php(29): array_map(Object(Closure), Array)
#4 /home/saree/public_html/app/etc/NonComposerComponentRegistration.php(33): Magento\NonComposerComponentRegistration\main()
#5 /home/saree/public_html/vendor/composer/autoload_real.php(70): requi in /home/saree/public_html/vendor/magento/framework/Component/ComponentRegistrar.php on line 50
[23-Jan-2021 05:34:56 UTC] PHP Fatal error:  Uncaught LogicException: Module 'Aheadworks_RewardPoints' from '/home/saree/public_html/app/code/Aheadworks/RewardPoints' has been already defined in '/home/saree/public_html/app/code/Aheadworks/RewardPoints_old'. in /home/saree/public_html/vendor/magento/framework/Component/ComponentRegistrar.php:50
Stack trace:
#0 /home/saree/public_html/app/code/Aheadworks/RewardPoints/registration.php(22): Magento\Framework\Component\ComponentRegistrar::register('module', 'Aheadworks_Rewa...', '/home/saree/pub...')
#1 /home/saree/public_html/app/etc/NonComposerComponentRegistration.php(29): require_once('/home/saree/pub...')
#2 [internal function]: Magento\NonComposerComponentRegistration\{closure}('/home/saree/pub...')
#3 /home/saree/public_html/app/etc/NonComposerComponentRegistration.php(29): array_map(Object(Closure), Array)
#4 /home/saree/public_html/app/etc/NonComposerComponentRegistration.php(33): Magento\NonComposerComponentRegistration\main()
#5 /home/saree/public_html/vendor/composer/autoload_real.php(70): requi in /home/saree/public_html/vendor/magento/framework/Component/ComponentRegistrar.php on line 50
[23-Jan-2021 05:35:11 UTC] PHP Fatal error:  Uncaught LogicException: Module 'Aheadworks_RewardPoints' from '/home/saree/public_html/app/code/Aheadworks/RewardPoints' has been already defined in '/home/saree/public_html/app/code/Aheadworks/RewardPoints_old'. in /home/saree/public_html/vendor/magento/framework/Component/ComponentRegistrar.php:50
Stack trace:
#0 /home/saree/public_html/app/code/Aheadworks/RewardPoints/registration.php(22): Magento\Framework\Component\ComponentRegistrar::register('module', 'Aheadworks_Rewa...', '/home/saree/pub...')
#1 /home/saree/public_html/app/etc/NonComposerComponentRegistration.php(29): require_once('/home/saree/pub...')
#2 [internal function]: Magento\NonComposerComponentRegistration\{closure}('/home/saree/pub...')
#3 /home/saree/public_html/app/etc/NonComposerComponentRegistration.php(29): array_map(Object(Closure), Array)
#4 /home/saree/public_html/app/etc/NonComposerComponentRegistration.php(33): Magento\NonComposerComponentRegistration\main()
#5 /home/saree/public_html/vendor/composer/autoload_real.php(70): requi in /home/saree/public_html/vendor/magento/framework/Component/ComponentRegistrar.php on line 50
[23-Jan-2021 05:35:33 UTC] PHP Fatal error:  Uncaught LogicException: Module 'Aheadworks_RewardPoints' from '/home/saree/public_html/app/code/Aheadworks/RewardPoints' has been already defined in '/home/saree/public_html/app/code/Aheadworks/RewardPoints_old'. in /home/saree/public_html/vendor/magento/framework/Component/ComponentRegistrar.php:50
Stack trace:
#0 /home/saree/public_html/app/code/Aheadworks/RewardPoints/registration.php(22): Magento\Framework\Component\ComponentRegistrar::register('module', 'Aheadworks_Rewa...', '/home/saree/pub...')
#1 /home/saree/public_html/app/etc/NonComposerComponentRegistration.php(29): require_once('/home/saree/pub...')
#2 [internal function]: Magento\NonComposerComponentRegistration\{closure}('/home/saree/pub...')
#3 /home/saree/public_html/app/etc/NonComposerComponentRegistration.php(29): array_map(Object(Closure), Array)
#4 /home/saree/public_html/app/etc/NonComposerComponentRegistration.php(33): Magento\NonComposerComponentRegistration\main()
#5 /home/saree/public_html/vendor/composer/autoload_real.php(70): requi in /home/saree/public_html/vendor/magento/framework/Component/ComponentRegistrar.php on line 50
[23-Jan-2021 05:35:45 UTC] PHP Fatal error:  Uncaught LogicException: Module 'Aheadworks_RewardPoints' from '/home/saree/public_html/app/code/Aheadworks/RewardPoints' has been already defined in '/home/saree/public_html/app/code/Aheadworks/RewardPoints_old'. in /home/saree/public_html/vendor/magento/framework/Component/ComponentRegistrar.php:50
Stack trace:
#0 /home/saree/public_html/app/code/Aheadworks/RewardPoints/registration.php(22): Magento\Framework\Component\ComponentRegistrar::register('module', 'Aheadworks_Rewa...', '/home/saree/pub...')
#1 /home/saree/public_html/app/etc/NonComposerComponentRegistration.php(29): require_once('/home/saree/pub...')
#2 [internal function]: Magento\NonComposerComponentRegistration\{closure}('/home/saree/pub...')
#3 /home/saree/public_html/app/etc/NonComposerComponentRegistration.php(29): array_map(Object(Closure), Array)
#4 /home/saree/public_html/app/etc/NonComposerComponentRegistration.php(33): Magento\NonComposerComponentRegistration\main()
#5 /home/saree/public_html/vendor/composer/autoload_real.php(70): requi in /home/saree/public_html/vendor/magento/framework/Component/ComponentRegistrar.php on line 50
[23-Jan-2021 05:35:49 UTC] PHP Fatal error:  Uncaught LogicException: Module 'Aheadworks_RewardPoints' from '/home/saree/public_html/app/code/Aheadworks/RewardPoints' has been already defined in '/home/saree/public_html/app/code/Aheadworks/RewardPoints_old'. in /home/saree/public_html/vendor/magento/framework/Component/ComponentRegistrar.php:50
Stack trace:
#0 /home/saree/public_html/app/code/Aheadworks/RewardPoints/registration.php(22): Magento\Framework\Component\ComponentRegistrar::register('module', 'Aheadworks_Rewa...', '/home/saree/pub...')
#1 /home/saree/public_html/app/etc/NonComposerComponentRegistration.php(29): require_once('/home/saree/pub...')
#2 [internal function]: Magento\NonComposerComponentRegistration\{closure}('/home/saree/pub...')
#3 /home/saree/public_html/app/etc/NonComposerComponentRegistration.php(29): array_map(Object(Closure), Array)
#4 /home/saree/public_html/app/etc/NonComposerComponentRegistration.php(33): Magento\NonComposerComponentRegistration\main()
#5 /home/saree/public_html/vendor/composer/autoload_real.php(70): requi in /home/saree/public_html/vendor/magento/framework/Component/ComponentRegistrar.php on line 50
[02-Feb-2021 05:48:29 UTC] PHP Fatal error:  Uncaught LogicException: Module 'Aheadworks_RewardPoints' from '/home/saree/public_html/app/code/Aheadworks/RewardPointsold' has been already defined in '/home/saree/public_html/app/code/Aheadworks/RewardPoints'. in /home/saree/public_html/vendor/magento/framework/Component/ComponentRegistrar.php:50
Stack trace:
#0 /home/saree/public_html/app/code/Aheadworks/RewardPointsold/registration.php(22): Magento\Framework\Component\ComponentRegistrar::register('module', 'Aheadworks_Rewa...', '/home/saree/pub...')
#1 /home/saree/public_html/app/etc/NonComposerComponentRegistration.php(29): require_once('/home/saree/pub...')
#2 [internal function]: Magento\NonComposerComponentRegistration\{closure}('/home/saree/pub...')
#3 /home/saree/public_html/app/etc/NonComposerComponentRegistration.php(29): array_map(Object(Closure), Array)
#4 /home/saree/public_html/app/etc/NonComposerComponentRegistration.php(33): Magento\NonComposerComponentRegistration\main()
#5 /home/saree/public_html/vendor/composer/autoload_real.php(70): req in /home/saree/public_html/vendor/magento/framework/Component/ComponentRegistrar.php on line 50
[02-Feb-2021 05:48:33 UTC] PHP Fatal error:  Uncaught LogicException: Module 'Aheadworks_RewardPoints' from '/home/saree/public_html/app/code/Aheadworks/RewardPointsold' has been already defined in '/home/saree/public_html/app/code/Aheadworks/RewardPoints'. in /home/saree/public_html/vendor/magento/framework/Component/ComponentRegistrar.php:50
Stack trace:
#0 /home/saree/public_html/app/code/Aheadworks/RewardPointsold/registration.php(22): Magento\Framework\Component\ComponentRegistrar::register('module', 'Aheadworks_Rewa...', '/home/saree/pub...')
#1 /home/saree/public_html/app/etc/NonComposerComponentRegistration.php(29): require_once('/home/saree/pub...')
#2 [internal function]: Magento\NonComposerComponentRegistration\{closure}('/home/saree/pub...')
#3 /home/saree/public_html/app/etc/NonComposerComponentRegistration.php(29): array_map(Object(Closure), Array)
#4 /home/saree/public_html/app/etc/NonComposerComponentRegistration.php(33): Magento\NonComposerComponentRegistration\main()
#5 /home/saree/public_html/vendor/composer/autoload_real.php(70): req in /home/saree/public_html/vendor/magento/framework/Component/ComponentRegistrar.php on line 50
[26-Feb-2021 11:00:07 UTC] PHP Fatal error:  Uncaught LogicException: Module 'Razorpay_Magento' from '/home/saree/public_html/app/code/Razorpay/Magento' has been already defined in '/home/saree/public_html/vendor/razorpay/magento'. in /home/saree/public_html/vendor/magento/framework/Component/ComponentRegistrar.php:50
Stack trace:
#0 /home/saree/public_html/app/code/Razorpay/Magento/registration.php(6): Magento\Framework\Component\ComponentRegistrar::register('module', 'Razorpay_Magent...', '/home/saree/pub...')
#1 /home/saree/public_html/app/etc/NonComposerComponentRegistration.php(29): require_once('/home/saree/pub...')
#2 [internal function]: Magento\NonComposerComponentRegistration\{closure}('/home/saree/pub...')
#3 /home/saree/public_html/app/etc/NonComposerComponentRegistration.php(29): array_map(Object(Closure), Array)
#4 /home/saree/public_html/app/etc/NonComposerComponentRegistration.php(33): Magento\NonComposerComponentRegistration\main()
#5 /home/saree/public_html/vendor/composer/autoload_real.php(70): require('/home/saree/pub...')
#6 /home/s in /home/saree/public_html/vendor/magento/framework/Component/ComponentRegistrar.php on line 50
[26-Feb-2021 11:00:45 UTC] PHP Fatal error:  Uncaught LogicException: Module 'Razorpay_Magento' from '/home/saree/public_html/app/code/Razorpay/Magento' has been already defined in '/home/saree/public_html/vendor/razorpay/magento'. in /home/saree/public_html/vendor/magento/framework/Component/ComponentRegistrar.php:50
Stack trace:
#0 /home/saree/public_html/app/code/Razorpay/Magento/registration.php(6): Magento\Framework\Component\ComponentRegistrar::register('module', 'Razorpay_Magent...', '/home/saree/pub...')
#1 /home/saree/public_html/app/etc/NonComposerComponentRegistration.php(29): require_once('/home/saree/pub...')
#2 [internal function]: Magento\NonComposerComponentRegistration\{closure}('/home/saree/pub...')
#3 /home/saree/public_html/app/etc/NonComposerComponentRegistration.php(29): array_map(Object(Closure), Array)
#4 /home/saree/public_html/app/etc/NonComposerComponentRegistration.php(33): Magento\NonComposerComponentRegistration\main()
#5 /home/saree/public_html/vendor/composer/autoload_real.php(70): require('/home/saree/pub...')
#6 /home/s in /home/saree/public_html/vendor/magento/framework/Component/ComponentRegistrar.php on line 50
[26-Feb-2021 11:00:46 UTC] PHP Fatal error:  Uncaught LogicException: Module 'Razorpay_Magento' from '/home/saree/public_html/app/code/Razorpay/Magento' has been already defined in '/home/saree/public_html/vendor/razorpay/magento'. in /home/saree/public_html/vendor/magento/framework/Component/ComponentRegistrar.php:50
Stack trace:
#0 /home/saree/public_html/app/code/Razorpay/Magento/registration.php(6): Magento\Framework\Component\ComponentRegistrar::register('module', 'Razorpay_Magent...', '/home/saree/pub...')
#1 /home/saree/public_html/app/etc/NonComposerComponentRegistration.php(29): require_once('/home/saree/pub...')
#2 [internal function]: Magento\NonComposerComponentRegistration\{closure}('/home/saree/pub...')
#3 /home/saree/public_html/app/etc/NonComposerComponentRegistration.php(29): array_map(Object(Closure), Array)
#4 /home/saree/public_html/app/etc/NonComposerComponentRegistration.php(33): Magento\NonComposerComponentRegistration\main()
#5 /home/saree/public_html/vendor/composer/autoload_real.php(70): require('/home/saree/pub...')
#6 /home/s in /home/saree/public_html/vendor/magento/framework/Component/ComponentRegistrar.php on line 50
[26-Feb-2021 11:00:50 UTC] PHP Fatal error:  Uncaught LogicException: Module 'Razorpay_Magento' from '/home/saree/public_html/app/code/Razorpay/Magento' has been already defined in '/home/saree/public_html/vendor/razorpay/magento'. in /home/saree/public_html/vendor/magento/framework/Component/ComponentRegistrar.php:50
Stack trace:
#0 /home/saree/public_html/app/code/Razorpay/Magento/registration.php(6): Magento\Framework\Component\ComponentRegistrar::register('module', 'Razorpay_Magent...', '/home/saree/pub...')
#1 /home/saree/public_html/app/etc/NonComposerComponentRegistration.php(29): require_once('/home/saree/pub...')
#2 [internal function]: Magento\NonComposerComponentRegistration\{closure}('/home/saree/pub...')
#3 /home/saree/public_html/app/etc/NonComposerComponentRegistration.php(29): array_map(Object(Closure), Array)
#4 /home/saree/public_html/app/etc/NonComposerComponentRegistration.php(33): Magento\NonComposerComponentRegistration\main()
#5 /home/saree/public_html/vendor/composer/autoload_real.php(70): require('/home/saree/pub...')
#6 /home/s in /home/saree/public_html/vendor/magento/framework/Component/ComponentRegistrar.php on line 50
[26-Feb-2021 11:00:51 UTC] PHP Fatal error:  Uncaught LogicException: Module 'Razorpay_Magento' from '/home/saree/public_html/app/code/Razorpay/Magento' has been already defined in '/home/saree/public_html/vendor/razorpay/magento'. in /home/saree/public_html/vendor/magento/framework/Component/ComponentRegistrar.php:50
Stack trace:
#0 /home/saree/public_html/app/code/Razorpay/Magento/registration.php(6): Magento\Framework\Component\ComponentRegistrar::register('module', 'Razorpay_Magent...', '/home/saree/pub...')
#1 /home/saree/public_html/app/etc/NonComposerComponentRegistration.php(29): require_once('/home/saree/pub...')
#2 [internal function]: Magento\NonComposerComponentRegistration\{closure}('/home/saree/pub...')
#3 /home/saree/public_html/app/etc/NonComposerComponentRegistration.php(29): array_map(Object(Closure), Array)
#4 /home/saree/public_html/app/etc/NonComposerComponentRegistration.php(33): Magento\NonComposerComponentRegistration\main()
#5 /home/saree/public_html/vendor/composer/autoload_real.php(70): require('/home/saree/pub...')
#6 /home/s in /home/saree/public_html/vendor/magento/framework/Component/ComponentRegistrar.php on line 50
[26-Feb-2021 11:00:52 UTC] PHP Fatal error:  Uncaught LogicException: Module 'Razorpay_Magento' from '/home/saree/public_html/app/code/Razorpay/Magento' has been already defined in '/home/saree/public_html/vendor/razorpay/magento'. in /home/saree/public_html/vendor/magento/framework/Component/ComponentRegistrar.php:50
Stack trace:
#0 /home/saree/public_html/app/code/Razorpay/Magento/registration.php(6): Magento\Framework\Component\ComponentRegistrar::register('module', 'Razorpay_Magent...', '/home/saree/pub...')
#1 /home/saree/public_html/app/etc/NonComposerComponentRegistration.php(29): require_once('/home/saree/pub...')
#2 [internal function]: Magento\NonComposerComponentRegistration\{closure}('/home/saree/pub...')
#3 /home/saree/public_html/app/etc/NonComposerComponentRegistration.php(29): array_map(Object(Closure), Array)
#4 /home/saree/public_html/app/etc/NonComposerComponentRegistration.php(33): Magento\NonComposerComponentRegistration\main()
#5 /home/saree/public_html/vendor/composer/autoload_real.php(70): require('/home/saree/pub...')
#6 /home/s in /home/saree/public_html/vendor/magento/framework/Component/ComponentRegistrar.php on line 50
[26-Feb-2021 11:00:56 UTC] PHP Fatal error:  Uncaught LogicException: Module 'Razorpay_Magento' from '/home/saree/public_html/app/code/Razorpay/Magento' has been already defined in '/home/saree/public_html/vendor/razorpay/magento'. in /home/saree/public_html/vendor/magento/framework/Component/ComponentRegistrar.php:50
Stack trace:
#0 /home/saree/public_html/app/code/Razorpay/Magento/registration.php(6): Magento\Framework\Component\ComponentRegistrar::register('module', 'Razorpay_Magent...', '/home/saree/pub...')
#1 /home/saree/public_html/app/etc/NonComposerComponentRegistration.php(29): require_once('/home/saree/pub...')
#2 [internal function]: Magento\NonComposerComponentRegistration\{closure}('/home/saree/pub...')
#3 /home/saree/public_html/app/etc/NonComposerComponentRegistration.php(29): array_map(Object(Closure), Array)
#4 /home/saree/public_html/app/etc/NonComposerComponentRegistration.php(33): Magento\NonComposerComponentRegistration\main()
#5 /home/saree/public_html/vendor/composer/autoload_real.php(70): require('/home/saree/pub...')
#6 /home/s in /home/saree/public_html/vendor/magento/framework/Component/ComponentRegistrar.php on line 50
[26-Feb-2021 11:01:07 UTC] PHP Fatal error:  Uncaught LogicException: Module 'Razorpay_Magento' from '/home/saree/public_html/app/code/Razorpay/Magento' has been already defined in '/home/saree/public_html/vendor/razorpay/magento'. in /home/saree/public_html/vendor/magento/framework/Component/ComponentRegistrar.php:50
Stack trace:
#0 /home/saree/public_html/app/code/Razorpay/Magento/registration.php(6): Magento\Framework\Component\ComponentRegistrar::register('module', 'Razorpay_Magent...', '/home/saree/pub...')
#1 /home/saree/public_html/app/etc/NonComposerComponentRegistration.php(29): require_once('/home/saree/pub...')
#2 [internal function]: Magento\NonComposerComponentRegistration\{closure}('/home/saree/pub...')
#3 /home/saree/public_html/app/etc/NonComposerComponentRegistration.php(29): array_map(Object(Closure), Array)
#4 /home/saree/public_html/app/etc/NonComposerComponentRegistration.php(33): Magento\NonComposerComponentRegistration\main()
#5 /home/saree/public_html/vendor/composer/autoload_real.php(70): require('/home/saree/pub...')
#6 /home/s in /home/saree/public_html/vendor/magento/framework/Component/ComponentRegistrar.php on line 50
[26-Feb-2021 11:01:15 UTC] PHP Fatal error:  Uncaught LogicException: Module 'Razorpay_Magento' from '/home/saree/public_html/app/code/Razorpay/Magento' has been already defined in '/home/saree/public_html/vendor/razorpay/magento'. in /home/saree/public_html/vendor/magento/framework/Component/ComponentRegistrar.php:50
Stack trace:
#0 /home/saree/public_html/app/code/Razorpay/Magento/registration.php(6): Magento\Framework\Component\ComponentRegistrar::register('module', 'Razorpay_Magent...', '/home/saree/pub...')
#1 /home/saree/public_html/app/etc/NonComposerComponentRegistration.php(29): require_once('/home/saree/pub...')
#2 [internal function]: Magento\NonComposerComponentRegistration\{closure}('/home/saree/pub...')
#3 /home/saree/public_html/app/etc/NonComposerComponentRegistration.php(29): array_map(Object(Closure), Array)
#4 /home/saree/public_html/app/etc/NonComposerComponentRegistration.php(33): Magento\NonComposerComponentRegistration\main()
#5 /home/saree/public_html/vendor/composer/autoload_real.php(70): require('/home/saree/pub...')
#6 /home/s in /home/saree/public_html/vendor/magento/framework/Component/ComponentRegistrar.php on line 50
[26-Feb-2021 11:01:46 UTC] PHP Fatal error:  Uncaught LogicException: Module 'Razorpay_Magento' from '/home/saree/public_html/app/code/Razorpay/Magento' has been already defined in '/home/saree/public_html/vendor/razorpay/magento'. in /home/saree/public_html/vendor/magento/framework/Component/ComponentRegistrar.php:50
Stack trace:
#0 /home/saree/public_html/app/code/Razorpay/Magento/registration.php(6): Magento\Framework\Component\ComponentRegistrar::register('module', 'Razorpay_Magent...', '/home/saree/pub...')
#1 /home/saree/public_html/app/etc/NonComposerComponentRegistration.php(29): require_once('/home/saree/pub...')
#2 [internal function]: Magento\NonComposerComponentRegistration\{closure}('/home/saree/pub...')
#3 /home/saree/public_html/app/etc/NonComposerComponentRegistration.php(29): array_map(Object(Closure), Array)
#4 /home/saree/public_html/app/etc/NonComposerComponentRegistration.php(33): Magento\NonComposerComponentRegistration\main()
#5 /home/saree/public_html/vendor/composer/autoload_real.php(70): require('/home/saree/pub...')
#6 /home/s in /home/saree/public_html/vendor/magento/framework/Component/ComponentRegistrar.php on line 50
[26-Feb-2021 11:01:48 UTC] PHP Fatal error:  Uncaught LogicException: Module 'Razorpay_Magento' from '/home/saree/public_html/app/code/Razorpay/Magento' has been already defined in '/home/saree/public_html/vendor/razorpay/magento'. in /home/saree/public_html/vendor/magento/framework/Component/ComponentRegistrar.php:50
Stack trace:
#0 /home/saree/public_html/app/code/Razorpay/Magento/registration.php(6): Magento\Framework\Component\ComponentRegistrar::register('module', 'Razorpay_Magent...', '/home/saree/pub...')
#1 /home/saree/public_html/app/etc/NonComposerComponentRegistration.php(29): require_once('/home/saree/pub...')
#2 [internal function]: Magento\NonComposerComponentRegistration\{closure}('/home/saree/pub...')
#3 /home/saree/public_html/app/etc/NonComposerComponentRegistration.php(29): array_map(Object(Closure), Array)
#4 /home/saree/public_html/app/etc/NonComposerComponentRegistration.php(33): Magento\NonComposerComponentRegistration\main()
#5 /home/saree/public_html/vendor/composer/autoload_real.php(70): require('/home/saree/pub...')
#6 /home/s in /home/saree/public_html/vendor/magento/framework/Component/ComponentRegistrar.php on line 50
[26-Feb-2021 11:01:49 UTC] PHP Fatal error:  Uncaught LogicException: Module 'Razorpay_Magento' from '/home/saree/public_html/app/code/Razorpay/Magento' has been already defined in '/home/saree/public_html/vendor/razorpay/magento'. in /home/saree/public_html/vendor/magento/framework/Component/ComponentRegistrar.php:50
Stack trace:
#0 /home/saree/public_html/app/code/Razorpay/Magento/registration.php(6): Magento\Framework\Component\ComponentRegistrar::register('module', 'Razorpay_Magent...', '/home/saree/pub...')
#1 /home/saree/public_html/app/etc/NonComposerComponentRegistration.php(29): require_once('/home/saree/pub...')
#2 [internal function]: Magento\NonComposerComponentRegistration\{closure}('/home/saree/pub...')
#3 /home/saree/public_html/app/etc/NonComposerComponentRegistration.php(29): array_map(Object(Closure), Array)
#4 /home/saree/public_html/app/etc/NonComposerComponentRegistration.php(33): Magento\NonComposerComponentRegistration\main()
#5 /home/saree/public_html/vendor/composer/autoload_real.php(70): require('/home/saree/pub...')
#6 /home/s in /home/saree/public_html/vendor/magento/framework/Component/ComponentRegistrar.php on line 50
[26-Feb-2021 11:02:15 UTC] PHP Fatal error:  Uncaught LogicException: Module 'Razorpay_Magento' from '/home/saree/public_html/app/code/Razorpay/Magento' has been already defined in '/home/saree/public_html/vendor/razorpay/magento'. in /home/saree/public_html/vendor/magento/framework/Component/ComponentRegistrar.php:50
Stack trace:
#0 /home/saree/public_html/app/code/Razorpay/Magento/registration.php(6): Magento\Framework\Component\ComponentRegistrar::register('module', 'Razorpay_Magent...', '/home/saree/pub...')
#1 /home/saree/public_html/app/etc/NonComposerComponentRegistration.php(29): require_once('/home/saree/pub...')
#2 [internal function]: Magento\NonComposerComponentRegistration\{closure}('/home/saree/pub...')
#3 /home/saree/public_html/app/etc/NonComposerComponentRegistration.php(29): array_map(Object(Closure), Array)
#4 /home/saree/public_html/app/etc/NonComposerComponentRegistration.php(33): Magento\NonComposerComponentRegistration\main()
#5 /home/saree/public_html/vendor/composer/autoload_real.php(70): require('/home/saree/pub...')
#6 /home/s in /home/saree/public_html/vendor/magento/framework/Component/ComponentRegistrar.php on line 50
[26-Feb-2021 11:02:20 UTC] PHP Fatal error:  Uncaught LogicException: Module 'Razorpay_Magento' from '/home/saree/public_html/app/code/Razorpay/Magento' has been already defined in '/home/saree/public_html/vendor/razorpay/magento'. in /home/saree/public_html/vendor/magento/framework/Component/ComponentRegistrar.php:50
Stack trace:
#0 /home/saree/public_html/app/code/Razorpay/Magento/registration.php(6): Magento\Framework\Component\ComponentRegistrar::register('module', 'Razorpay_Magent...', '/home/saree/pub...')
#1 /home/saree/public_html/app/etc/NonComposerComponentRegistration.php(29): require_once('/home/saree/pub...')
#2 [internal function]: Magento\NonComposerComponentRegistration\{closure}('/home/saree/pub...')
#3 /home/saree/public_html/app/etc/NonComposerComponentRegistration.php(29): array_map(Object(Closure), Array)
#4 /home/saree/public_html/app/etc/NonComposerComponentRegistration.php(33): Magento\NonComposerComponentRegistration\main()
#5 /home/saree/public_html/vendor/composer/autoload_real.php(70): require('/home/saree/pub...')
#6 /home/s in /home/saree/public_html/vendor/magento/framework/Component/ComponentRegistrar.php on line 50
[26-Feb-2021 11:02:21 UTC] PHP Fatal error:  Uncaught LogicException: Module 'Razorpay_Magento' from '/home/saree/public_html/app/code/Razorpay/Magento' has been already defined in '/home/saree/public_html/vendor/razorpay/magento'. in /home/saree/public_html/vendor/magento/framework/Component/ComponentRegistrar.php:50
Stack trace:
#0 /home/saree/public_html/app/code/Razorpay/Magento/registration.php(6): Magento\Framework\Component\ComponentRegistrar::register('module', 'Razorpay_Magent...', '/home/saree/pub...')
#1 /home/saree/public_html/app/etc/NonComposerComponentRegistration.php(29): require_once('/home/saree/pub...')
#2 [internal function]: Magento\NonComposerComponentRegistration\{closure}('/home/saree/pub...')
#3 /home/saree/public_html/app/etc/NonComposerComponentRegistration.php(29): array_map(Object(Closure), Array)
#4 /home/saree/public_html/app/etc/NonComposerComponentRegistration.php(33): Magento\NonComposerComponentRegistration\main()
#5 /home/saree/public_html/vendor/composer/autoload_real.php(70): require('/home/saree/pub...')
#6 /home/s in /home/saree/public_html/vendor/magento/framework/Component/ComponentRegistrar.php on line 50
[26-Feb-2021 11:02:30 UTC] PHP Fatal error:  Uncaught LogicException: Module 'Razorpay_Magento' from '/home/saree/public_html/app/code/Razorpay/Magento' has been already defined in '/home/saree/public_html/vendor/razorpay/magento'. in /home/saree/public_html/vendor/magento/framework/Component/ComponentRegistrar.php:50
Stack trace:
#0 /home/saree/public_html/app/code/Razorpay/Magento/registration.php(6): Magento\Framework\Component\ComponentRegistrar::register('module', 'Razorpay_Magent...', '/home/saree/pub...')
#1 /home/saree/public_html/app/etc/NonComposerComponentRegistration.php(29): require_once('/home/saree/pub...')
#2 [internal function]: Magento\NonComposerComponentRegistration\{closure}('/home/saree/pub...')
#3 /home/saree/public_html/app/etc/NonComposerComponentRegistration.php(29): array_map(Object(Closure), Array)
#4 /home/saree/public_html/app/etc/NonComposerComponentRegistration.php(33): Magento\NonComposerComponentRegistration\main()
#5 /home/saree/public_html/vendor/composer/autoload_real.php(70): require('/home/saree/pub...')
#6 /home/s in /home/saree/public_html/vendor/magento/framework/Component/ComponentRegistrar.php on line 50
[26-Feb-2021 11:02:32 UTC] PHP Fatal error:  Uncaught LogicException: Module 'Razorpay_Magento' from '/home/saree/public_html/app/code/Razorpay/Magento' has been already defined in '/home/saree/public_html/vendor/razorpay/magento'. in /home/saree/public_html/vendor/magento/framework/Component/ComponentRegistrar.php:50
Stack trace:
#0 /home/saree/public_html/app/code/Razorpay/Magento/registration.php(6): Magento\Framework\Component\ComponentRegistrar::register('module', 'Razorpay_Magent...', '/home/saree/pub...')
#1 /home/saree/public_html/app/etc/NonComposerComponentRegistration.php(29): require_once('/home/saree/pub...')
#2 [internal function]: Magento\NonComposerComponentRegistration\{closure}('/home/saree/pub...')
#3 /home/saree/public_html/app/etc/NonComposerComponentRegistration.php(29): array_map(Object(Closure), Array)
#4 /home/saree/public_html/app/etc/NonComposerComponentRegistration.php(33): Magento\NonComposerComponentRegistration\main()
#5 /home/saree/public_html/vendor/composer/autoload_real.php(70): require('/home/saree/pub...')
#6 /home/s in /home/saree/public_html/vendor/magento/framework/Component/ComponentRegistrar.php on line 50
[26-Feb-2021 11:02:34 UTC] PHP Fatal error:  Uncaught LogicException: Module 'Razorpay_Magento' from '/home/saree/public_html/app/code/Razorpay/Magento' has been already defined in '/home/saree/public_html/vendor/razorpay/magento'. in /home/saree/public_html/vendor/magento/framework/Component/ComponentRegistrar.php:50
Stack trace:
#0 /home/saree/public_html/app/code/Razorpay/Magento/registration.php(6): Magento\Framework\Component\ComponentRegistrar::register('module', 'Razorpay_Magent...', '/home/saree/pub...')
#1 /home/saree/public_html/app/etc/NonComposerComponentRegistration.php(29): require_once('/home/saree/pub...')
#2 [internal function]: Magento\NonComposerComponentRegistration\{closure}('/home/saree/pub...')
#3 /home/saree/public_html/app/etc/NonComposerComponentRegistration.php(29): array_map(Object(Closure), Array)
#4 /home/saree/public_html/app/etc/NonComposerComponentRegistration.php(33): Magento\NonComposerComponentRegistration\main()
#5 /home/saree/public_html/vendor/composer/autoload_real.php(70): require('/home/saree/pub...')
#6 /home/s in /home/saree/public_html/vendor/magento/framework/Component/ComponentRegistrar.php on line 50
[26-Feb-2021 11:02:43 UTC] PHP Fatal error:  Uncaught LogicException: Module 'Razorpay_Magento' from '/home/saree/public_html/app/code/Razorpay/Magento' has been already defined in '/home/saree/public_html/vendor/razorpay/magento'. in /home/saree/public_html/vendor/magento/framework/Component/ComponentRegistrar.php:50
Stack trace:
#0 /home/saree/public_html/app/code/Razorpay/Magento/registration.php(6): Magento\Framework\Component\ComponentRegistrar::register('module', 'Razorpay_Magent...', '/home/saree/pub...')
#1 /home/saree/public_html/app/etc/NonComposerComponentRegistration.php(29): require_once('/home/saree/pub...')
#2 [internal function]: Magento\NonComposerComponentRegistration\{closure}('/home/saree/pub...')
#3 /home/saree/public_html/app/etc/NonComposerComponentRegistration.php(29): array_map(Object(Closure), Array)
#4 /home/saree/public_html/app/etc/NonComposerComponentRegistration.php(33): Magento\NonComposerComponentRegistration\main()
#5 /home/saree/public_html/vendor/composer/autoload_real.php(70): require('/home/saree/pub...')
#6 /home/s in /home/saree/public_html/vendor/magento/framework/Component/ComponentRegistrar.php on line 50
[26-Feb-2021 11:02:45 UTC] PHP Fatal error:  Uncaught LogicException: Module 'Razorpay_Magento' from '/home/saree/public_html/app/code/Razorpay/Magento' has been already defined in '/home/saree/public_html/vendor/razorpay/magento'. in /home/saree/public_html/vendor/magento/framework/Component/ComponentRegistrar.php:50
Stack trace:
#0 /home/saree/public_html/app/code/Razorpay/Magento/registration.php(6): Magento\Framework\Component\ComponentRegistrar::register('module', 'Razorpay_Magent...', '/home/saree/pub...')
#1 /home/saree/public_html/app/etc/NonComposerComponentRegistration.php(29): require_once('/home/saree/pub...')
#2 [internal function]: Magento\NonComposerComponentRegistration\{closure}('/home/saree/pub...')
#3 /home/saree/public_html/app/etc/NonComposerComponentRegistration.php(29): array_map(Object(Closure), Array)
#4 /home/saree/public_html/app/etc/NonComposerComponentRegistration.php(33): Magento\NonComposerComponentRegistration\main()
#5 /home/saree/public_html/vendor/composer/autoload_real.php(70): require('/home/saree/pub...')
#6 /home/s in /home/saree/public_html/vendor/magento/framework/Component/ComponentRegistrar.php on line 50
[26-Feb-2021 11:02:54 UTC] PHP Fatal error:  Uncaught LogicException: Module 'Razorpay_Magento' from '/home/saree/public_html/app/code/Razorpay/Magento' has been already defined in '/home/saree/public_html/vendor/razorpay/magento'. in /home/saree/public_html/vendor/magento/framework/Component/ComponentRegistrar.php:50
Stack trace:
#0 /home/saree/public_html/app/code/Razorpay/Magento/registration.php(6): Magento\Framework\Component\ComponentRegistrar::register('module', 'Razorpay_Magent...', '/home/saree/pub...')
#1 /home/saree/public_html/app/etc/NonComposerComponentRegistration.php(29): require_once('/home/saree/pub...')
#2 [internal function]: Magento\NonComposerComponentRegistration\{closure}('/home/saree/pub...')
#3 /home/saree/public_html/app/etc/NonComposerComponentRegistration.php(29): array_map(Object(Closure), Array)
#4 /home/saree/public_html/app/etc/NonComposerComponentRegistration.php(33): Magento\NonComposerComponentRegistration\main()
#5 /home/saree/public_html/vendor/composer/autoload_real.php(70): require('/home/saree/pub...')
#6 /home/s in /home/saree/public_html/vendor/magento/framework/Component/ComponentRegistrar.php on line 50
[26-Feb-2021 11:03:04 UTC] PHP Fatal error:  Uncaught LogicException: Module 'Razorpay_Magento' from '/home/saree/public_html/app/code/Razorpay/Magento' has been already defined in '/home/saree/public_html/vendor/razorpay/magento'. in /home/saree/public_html/vendor/magento/framework/Component/ComponentRegistrar.php:50
Stack trace:
#0 /home/saree/public_html/app/code/Razorpay/Magento/registration.php(6): Magento\Framework\Component\ComponentRegistrar::register('module', 'Razorpay_Magent...', '/home/saree/pub...')
#1 /home/saree/public_html/app/etc/NonComposerComponentRegistration.php(29): require_once('/home/saree/pub...')
#2 [internal function]: Magento\NonComposerComponentRegistration\{closure}('/home/saree/pub...')
#3 /home/saree/public_html/app/etc/NonComposerComponentRegistration.php(29): array_map(Object(Closure), Array)
#4 /home/saree/public_html/app/etc/NonComposerComponentRegistration.php(33): Magento\NonComposerComponentRegistration\main()
#5 /home/saree/public_html/vendor/composer/autoload_real.php(70): require('/home/saree/pub...')
#6 /home/s in /home/saree/public_html/vendor/magento/framework/Component/ComponentRegistrar.php on line 50
[26-Feb-2021 11:03:20 UTC] PHP Fatal error:  Uncaught LogicException: Module 'Razorpay_Magento' from '/home/saree/public_html/app/code/Razorpay/Magento' has been already defined in '/home/saree/public_html/vendor/razorpay/magento'. in /home/saree/public_html/vendor/magento/framework/Component/ComponentRegistrar.php:50
Stack trace:
#0 /home/saree/public_html/app/code/Razorpay/Magento/registration.php(6): Magento\Framework\Component\ComponentRegistrar::register('module', 'Razorpay_Magent...', '/home/saree/pub...')
#1 /home/saree/public_html/app/etc/NonComposerComponentRegistration.php(29): require_once('/home/saree/pub...')
#2 [internal function]: Magento\NonComposerComponentRegistration\{closure}('/home/saree/pub...')
#3 /home/saree/public_html/app/etc/NonComposerComponentRegistration.php(29): array_map(Object(Closure), Array)
#4 /home/saree/public_html/app/etc/NonComposerComponentRegistration.php(33): Magento\NonComposerComponentRegistration\main()
#5 /home/saree/public_html/vendor/composer/autoload_real.php(70): require('/home/saree/pub...')
#6 /home/s in /home/saree/public_html/vendor/magento/framework/Component/ComponentRegistrar.php on line 50
[26-Feb-2021 11:03:34 UTC] PHP Fatal error:  Uncaught LogicException: Module 'Razorpay_Magento' from '/home/saree/public_html/app/code/Razorpay/Magento' has been already defined in '/home/saree/public_html/vendor/razorpay/magento'. in /home/saree/public_html/vendor/magento/framework/Component/ComponentRegistrar.php:50
Stack trace:
#0 /home/saree/public_html/app/code/Razorpay/Magento/registration.php(6): Magento\Framework\Component\ComponentRegistrar::register('module', 'Razorpay_Magent...', '/home/saree/pub...')
#1 /home/saree/public_html/app/etc/NonComposerComponentRegistration.php(29): require_once('/home/saree/pub...')
#2 [internal function]: Magento\NonComposerComponentRegistration\{closure}('/home/saree/pub...')
#3 /home/saree/public_html/app/etc/NonComposerComponentRegistration.php(29): array_map(Object(Closure), Array)
#4 /home/saree/public_html/app/etc/NonComposerComponentRegistration.php(33): Magento\NonComposerComponentRegistration\main()
#5 /home/saree/public_html/vendor/composer/autoload_real.php(70): require('/home/saree/pub...')
#6 /home/s in /home/saree/public_html/vendor/magento/framework/Component/ComponentRegistrar.php on line 50
[26-Feb-2021 11:03:47 UTC] PHP Fatal error:  Uncaught LogicException: Module 'Razorpay_Magento' from '/home/saree/public_html/app/code/Razorpay/Magento' has been already defined in '/home/saree/public_html/vendor/razorpay/magento'. in /home/saree/public_html/vendor/magento/framework/Component/ComponentRegistrar.php:50
Stack trace:
#0 /home/saree/public_html/app/code/Razorpay/Magento/registration.php(6): Magento\Framework\Component\ComponentRegistrar::register('module', 'Razorpay_Magent...', '/home/saree/pub...')
#1 /home/saree/public_html/app/etc/NonComposerComponentRegistration.php(29): require_once('/home/saree/pub...')
#2 [internal function]: Magento\NonComposerComponentRegistration\{closure}('/home/saree/pub...')
#3 /home/saree/public_html/app/etc/NonComposerComponentRegistration.php(29): array_map(Object(Closure), Array)
#4 /home/saree/public_html/app/etc/NonComposerComponentRegistration.php(33): Magento\NonComposerComponentRegistration\main()
#5 /home/saree/public_html/vendor/composer/autoload_real.php(70): require('/home/saree/pub...')
#6 /home/s in /home/saree/public_html/vendor/magento/framework/Component/ComponentRegistrar.php on line 50
[26-Feb-2021 11:04:08 UTC] PHP Fatal error:  Uncaught LogicException: Module 'Razorpay_Magento' from '/home/saree/public_html/app/code/Razorpay/Magento' has been already defined in '/home/saree/public_html/vendor/razorpay/magento'. in /home/saree/public_html/vendor/magento/framework/Component/ComponentRegistrar.php:50
Stack trace:
#0 /home/saree/public_html/app/code/Razorpay/Magento/registration.php(6): Magento\Framework\Component\ComponentRegistrar::register('module', 'Razorpay_Magent...', '/home/saree/pub...')
#1 /home/saree/public_html/app/etc/NonComposerComponentRegistration.php(29): require_once('/home/saree/pub...')
#2 [internal function]: Magento\NonComposerComponentRegistration\{closure}('/home/saree/pub...')
#3 /home/saree/public_html/app/etc/NonComposerComponentRegistration.php(29): array_map(Object(Closure), Array)
#4 /home/saree/public_html/app/etc/NonComposerComponentRegistration.php(33): Magento\NonComposerComponentRegistration\main()
#5 /home/saree/public_html/vendor/composer/autoload_real.php(70): require('/home/saree/pub...')
#6 /home/s in /home/saree/public_html/vendor/magento/framework/Component/ComponentRegistrar.php on line 50
[26-Feb-2021 11:04:09 UTC] PHP Fatal error:  Uncaught LogicException: Module 'Razorpay_Magento' from '/home/saree/public_html/app/code/Razorpay/Magento' has been already defined in '/home/saree/public_html/vendor/razorpay/magento'. in /home/saree/public_html/vendor/magento/framework/Component/ComponentRegistrar.php:50
Stack trace:
#0 /home/saree/public_html/app/code/Razorpay/Magento/registration.php(6): Magento\Framework\Component\ComponentRegistrar::register('module', 'Razorpay_Magent...', '/home/saree/pub...')
#1 /home/saree/public_html/app/etc/NonComposerComponentRegistration.php(29): require_once('/home/saree/pub...')
#2 [internal function]: Magento\NonComposerComponentRegistration\{closure}('/home/saree/pub...')
#3 /home/saree/public_html/app/etc/NonComposerComponentRegistration.php(29): array_map(Object(Closure), Array)
#4 /home/saree/public_html/app/etc/NonComposerComponentRegistration.php(33): Magento\NonComposerComponentRegistration\main()
#5 /home/saree/public_html/vendor/composer/autoload_real.php(70): require('/home/saree/pub...')
#6 /home/s in /home/saree/public_html/vendor/magento/framework/Component/ComponentRegistrar.php on line 50
[26-Feb-2021 11:04:10 UTC] PHP Fatal error:  Uncaught LogicException: Module 'Razorpay_Magento' from '/home/saree/public_html/app/code/Razorpay/Magento' has been already defined in '/home/saree/public_html/vendor/razorpay/magento'. in /home/saree/public_html/vendor/magento/framework/Component/ComponentRegistrar.php:50
Stack trace:
#0 /home/saree/public_html/app/code/Razorpay/Magento/registration.php(6): Magento\Framework\Component\ComponentRegistrar::register('module', 'Razorpay_Magent...', '/home/saree/pub...')
#1 /home/saree/public_html/app/etc/NonComposerComponentRegistration.php(29): require_once('/home/saree/pub...')
#2 [internal function]: Magento\NonComposerComponentRegistration\{closure}('/home/saree/pub...')
#3 /home/saree/public_html/app/etc/NonComposerComponentRegistration.php(29): array_map(Object(Closure), Array)
#4 /home/saree/public_html/app/etc/NonComposerComponentRegistration.php(33): Magento\NonComposerComponentRegistration\main()
#5 /home/saree/public_html/vendor/composer/autoload_real.php(70): require('/home/saree/pub...')
#6 /home/s in /home/saree/public_html/vendor/magento/framework/Component/ComponentRegistrar.php on line 50
[26-Feb-2021 11:04:10 UTC] PHP Fatal error:  Uncaught LogicException: Module 'Razorpay_Magento' from '/home/saree/public_html/app/code/Razorpay/Magento' has been already defined in '/home/saree/public_html/vendor/razorpay/magento'. in /home/saree/public_html/vendor/magento/framework/Component/ComponentRegistrar.php:50
Stack trace:
#0 /home/saree/public_html/app/code/Razorpay/Magento/registration.php(6): Magento\Framework\Component\ComponentRegistrar::register('module', 'Razorpay_Magent...', '/home/saree/pub...')
#1 /home/saree/public_html/app/etc/NonComposerComponentRegistration.php(29): require_once('/home/saree/pub...')
#2 [internal function]: Magento\NonComposerComponentRegistration\{closure}('/home/saree/pub...')
#3 /home/saree/public_html/app/etc/NonComposerComponentRegistration.php(29): array_map(Object(Closure), Array)
#4 /home/saree/public_html/app/etc/NonComposerComponentRegistration.php(33): Magento\NonComposerComponentRegistration\main()
#5 /home/saree/public_html/vendor/composer/autoload_real.php(70): require('/home/saree/pub...')
#6 /home/s in /home/saree/public_html/vendor/magento/framework/Component/ComponentRegistrar.php on line 50
[26-Feb-2021 11:04:11 UTC] PHP Fatal error:  Uncaught LogicException: Module 'Razorpay_Magento' from '/home/saree/public_html/app/code/Razorpay/Magento' has been already defined in '/home/saree/public_html/vendor/razorpay/magento'. in /home/saree/public_html/vendor/magento/framework/Component/ComponentRegistrar.php:50
Stack trace:
#0 /home/saree/public_html/app/code/Razorpay/Magento/registration.php(6): Magento\Framework\Component\ComponentRegistrar::register('module', 'Razorpay_Magent...', '/home/saree/pub...')
#1 /home/saree/public_html/app/etc/NonComposerComponentRegistration.php(29): require_once('/home/saree/pub...')
#2 [internal function]: Magento\NonComposerComponentRegistration\{closure}('/home/saree/pub...')
#3 /home/saree/public_html/app/etc/NonComposerComponentRegistration.php(29): array_map(Object(Closure), Array)
#4 /home/saree/public_html/app/etc/NonComposerComponentRegistration.php(33): Magento\NonComposerComponentRegistration\main()
#5 /home/saree/public_html/vendor/composer/autoload_real.php(70): require('/home/saree/pub...')
#6 /home/s in /home/saree/public_html/vendor/magento/framework/Component/ComponentRegistrar.php on line 50
[26-Feb-2021 11:04:15 UTC] PHP Fatal error:  Uncaught LogicException: Module 'Razorpay_Magento' from '/home/saree/public_html/app/code/Razorpay/Magento' has been already defined in '/home/saree/public_html/vendor/razorpay/magento'. in /home/saree/public_html/vendor/magento/framework/Component/ComponentRegistrar.php:50
Stack trace:
#0 /home/saree/public_html/app/code/Razorpay/Magento/registration.php(6): Magento\Framework\Component\ComponentRegistrar::register('module', 'Razorpay_Magent...', '/home/saree/pub...')
#1 /home/saree/public_html/app/etc/NonComposerComponentRegistration.php(29): require_once('/home/saree/pub...')
#2 [internal function]: Magento\NonComposerComponentRegistration\{closure}('/home/saree/pub...')
#3 /home/saree/public_html/app/etc/NonComposerComponentRegistration.php(29): array_map(Object(Closure), Array)
#4 /home/saree/public_html/app/etc/NonComposerComponentRegistration.php(33): Magento\NonComposerComponentRegistration\main()
#5 /home/saree/public_html/vendor/composer/autoload_real.php(70): require('/home/saree/pub...')
#6 /home/s in /home/saree/public_html/vendor/magento/framework/Component/ComponentRegistrar.php on line 50
[26-Feb-2021 11:05:01 UTC] PHP Fatal error:  Uncaught LogicException: Module 'Razorpay_Magento' from '/home/saree/public_html/app/code/Razorpay/Magento' has been already defined in '/home/saree/public_html/vendor/razorpay/magento'. in /home/saree/public_html/vendor/magento/framework/Component/ComponentRegistrar.php:50
Stack trace:
#0 /home/saree/public_html/app/code/Razorpay/Magento/registration.php(6): Magento\Framework\Component\ComponentRegistrar::register('module', 'Razorpay_Magent...', '/home/saree/pub...')
#1 /home/saree/public_html/app/etc/NonComposerComponentRegistration.php(29): require_once('/home/saree/pub...')
#2 [internal function]: Magento\NonComposerComponentRegistration\{closure}('/home/saree/pub...')
#3 /home/saree/public_html/app/etc/NonComposerComponentRegistration.php(29): array_map(Object(Closure), Array)
#4 /home/saree/public_html/app/etc/NonComposerComponentRegistration.php(33): Magento\NonComposerComponentRegistration\main()
#5 /home/saree/public_html/vendor/composer/autoload_real.php(70): require('/home/saree/pub...')
#6 /home/s in /home/saree/public_html/vendor/magento/framework/Component/ComponentRegistrar.php on line 50
[26-Feb-2021 11:05:24 UTC] PHP Fatal error:  Uncaught LogicException: Module 'Razorpay_Magento' from '/home/saree/public_html/app/code/Razorpay/Magento' has been already defined in '/home/saree/public_html/vendor/razorpay/magento'. in /home/saree/public_html/vendor/magento/framework/Component/ComponentRegistrar.php:50
Stack trace:
#0 /home/saree/public_html/app/code/Razorpay/Magento/registration.php(6): Magento\Framework\Component\ComponentRegistrar::register('module', 'Razorpay_Magent...', '/home/saree/pub...')
#1 /home/saree/public_html/app/etc/NonComposerComponentRegistration.php(29): require_once('/home/saree/pub...')
#2 [internal function]: Magento\NonComposerComponentRegistration\{closure}('/home/saree/pub...')
#3 /home/saree/public_html/app/etc/NonComposerComponentRegistration.php(29): array_map(Object(Closure), Array)
#4 /home/saree/public_html/app/etc/NonComposerComponentRegistration.php(33): Magento\NonComposerComponentRegistration\main()
#5 /home/saree/public_html/vendor/composer/autoload_real.php(70): require('/home/saree/pub...')
#6 /home/s in /home/saree/public_html/vendor/magento/framework/Component/ComponentRegistrar.php on line 50
[26-Feb-2021 11:05:29 UTC] PHP Fatal error:  Uncaught LogicException: Module 'Razorpay_Magento' from '/home/saree/public_html/app/code/Razorpay/Magento' has been already defined in '/home/saree/public_html/vendor/razorpay/magento'. in /home/saree/public_html/vendor/magento/framework/Component/ComponentRegistrar.php:50
Stack trace:
#0 /home/saree/public_html/app/code/Razorpay/Magento/registration.php(6): Magento\Framework\Component\ComponentRegistrar::register('module', 'Razorpay_Magent...', '/home/saree/pub...')
#1 /home/saree/public_html/app/etc/NonComposerComponentRegistration.php(29): require_once('/home/saree/pub...')
#2 [internal function]: Magento\NonComposerComponentRegistration\{closure}('/home/saree/pub...')
#3 /home/saree/public_html/app/etc/NonComposerComponentRegistration.php(29): array_map(Object(Closure), Array)
#4 /home/saree/public_html/app/etc/NonComposerComponentRegistration.php(33): Magento\NonComposerComponentRegistration\main()
#5 /home/saree/public_html/vendor/composer/autoload_real.php(70): require('/home/saree/pub...')
#6 /home/s in /home/saree/public_html/vendor/magento/framework/Component/ComponentRegistrar.php on line 50
[26-Feb-2021 11:05:30 UTC] PHP Fatal error:  Uncaught LogicException: Module 'Razorpay_Magento' from '/home/saree/public_html/app/code/Razorpay/Magento' has been already defined in '/home/saree/public_html/vendor/razorpay/magento'. in /home/saree/public_html/vendor/magento/framework/Component/ComponentRegistrar.php:50
Stack trace:
#0 /home/saree/public_html/app/code/Razorpay/Magento/registration.php(6): Magento\Framework\Component\ComponentRegistrar::register('module', 'Razorpay_Magent...', '/home/saree/pub...')
#1 /home/saree/public_html/app/etc/NonComposerComponentRegistration.php(29): require_once('/home/saree/pub...')
#2 [internal function]: Magento\NonComposerComponentRegistration\{closure}('/home/saree/pub...')
#3 /home/saree/public_html/app/etc/NonComposerComponentRegistration.php(29): array_map(Object(Closure), Array)
#4 /home/saree/public_html/app/etc/NonComposerComponentRegistration.php(33): Magento\NonComposerComponentRegistration\main()
#5 /home/saree/public_html/vendor/composer/autoload_real.php(70): require('/home/saree/pub...')
#6 /home/s in /home/saree/public_html/vendor/magento/framework/Component/ComponentRegistrar.php on line 50
[26-Feb-2021 11:05:34 UTC] PHP Fatal error:  Uncaught LogicException: Module 'Razorpay_Magento' from '/home/saree/public_html/app/code/Razorpay/Magento' has been already defined in '/home/saree/public_html/vendor/razorpay/magento'. in /home/saree/public_html/vendor/magento/framework/Component/ComponentRegistrar.php:50
Stack trace:
#0 /home/saree/public_html/app/code/Razorpay/Magento/registration.php(6): Magento\Framework\Component\ComponentRegistrar::register('module', 'Razorpay_Magent...', '/home/saree/pub...')
#1 /home/saree/public_html/app/etc/NonComposerComponentRegistration.php(29): require_once('/home/saree/pub...')
#2 [internal function]: Magento\NonComposerComponentRegistration\{closure}('/home/saree/pub...')
#3 /home/saree/public_html/app/etc/NonComposerComponentRegistration.php(29): array_map(Object(Closure), Array)
#4 /home/saree/public_html/app/etc/NonComposerComponentRegistration.php(33): Magento\NonComposerComponentRegistration\main()
#5 /home/saree/public_html/vendor/composer/autoload_real.php(70): require('/home/saree/pub...')
#6 /home/s in /home/saree/public_html/vendor/magento/framework/Component/ComponentRegistrar.php on line 50
[26-Feb-2021 11:05:36 UTC] PHP Fatal error:  Uncaught LogicException: Module 'Razorpay_Magento' from '/home/saree/public_html/app/code/Razorpay/Magento' has been already defined in '/home/saree/public_html/vendor/razorpay/magento'. in /home/saree/public_html/vendor/magento/framework/Component/ComponentRegistrar.php:50
Stack trace:
#0 /home/saree/public_html/app/code/Razorpay/Magento/registration.php(6): Magento\Framework\Component\ComponentRegistrar::register('module', 'Razorpay_Magent...', '/home/saree/pub...')
#1 /home/saree/public_html/app/etc/NonComposerComponentRegistration.php(29): require_once('/home/saree/pub...')
#2 [internal function]: Magento\NonComposerComponentRegistration\{closure}('/home/saree/pub...')
#3 /home/saree/public_html/app/etc/NonComposerComponentRegistration.php(29): array_map(Object(Closure), Array)
#4 /home/saree/public_html/app/etc/NonComposerComponentRegistration.php(33): Magento\NonComposerComponentRegistration\main()
#5 /home/saree/public_html/vendor/composer/autoload_real.php(70): require('/home/saree/pub...')
#6 /home/s in /home/saree/public_html/vendor/magento/framework/Component/ComponentRegistrar.php on line 50
[26-Feb-2021 11:06:25 UTC] PHP Fatal error:  Uncaught LogicException: Module 'Razorpay_Magento' from '/home/saree/public_html/app/code/Razorpay/Magento' has been already defined in '/home/saree/public_html/vendor/razorpay/magento'. in /home/saree/public_html/vendor/magento/framework/Component/ComponentRegistrar.php:50
Stack trace:
#0 /home/saree/public_html/app/code/Razorpay/Magento/registration.php(6): Magento\Framework\Component\ComponentRegistrar::register('module', 'Razorpay_Magent...', '/home/saree/pub...')
#1 /home/saree/public_html/app/etc/NonComposerComponentRegistration.php(29): require_once('/home/saree/pub...')
#2 [internal function]: Magento\NonComposerComponentRegistration\{closure}('/home/saree/pub...')
#3 /home/saree/public_html/app/etc/NonComposerComponentRegistration.php(29): array_map(Object(Closure), Array)
#4 /home/saree/public_html/app/etc/NonComposerComponentRegistration.php(33): Magento\NonComposerComponentRegistration\main()
#5 /home/saree/public_html/vendor/composer/autoload_real.php(70): require('/home/saree/pub...')
#6 /home/s in /home/saree/public_html/vendor/magento/framework/Component/ComponentRegistrar.php on line 50
[26-Feb-2021 11:06:37 UTC] PHP Fatal error:  Uncaught LogicException: Module 'Razorpay_Magento' from '/home/saree/public_html/app/code/Razorpay/Magento' has been already defined in '/home/saree/public_html/vendor/razorpay/magento'. in /home/saree/public_html/vendor/magento/framework/Component/ComponentRegistrar.php:50
Stack trace:
#0 /home/saree/public_html/app/code/Razorpay/Magento/registration.php(6): Magento\Framework\Component\ComponentRegistrar::register('module', 'Razorpay_Magent...', '/home/saree/pub...')
#1 /home/saree/public_html/app/etc/NonComposerComponentRegistration.php(29): require_once('/home/saree/pub...')
#2 [internal function]: Magento\NonComposerComponentRegistration\{closure}('/home/saree/pub...')
#3 /home/saree/public_html/app/etc/NonComposerComponentRegistration.php(29): array_map(Object(Closure), Array)
#4 /home/saree/public_html/app/etc/NonComposerComponentRegistration.php(33): Magento\NonComposerComponentRegistration\main()
#5 /home/saree/public_html/vendor/composer/autoload_real.php(70): require('/home/saree/pub...')
#6 /home/s in /home/saree/public_html/vendor/magento/framework/Component/ComponentRegistrar.php on line 50
[26-Feb-2021 11:06:56 UTC] PHP Fatal error:  Uncaught LogicException: Module 'Razorpay_Magento' from '/home/saree/public_html/app/code/Razorpay/Magento' has been already defined in '/home/saree/public_html/vendor/razorpay/magento'. in /home/saree/public_html/vendor/magento/framework/Component/ComponentRegistrar.php:50
Stack trace:
#0 /home/saree/public_html/app/code/Razorpay/Magento/registration.php(6): Magento\Framework\Component\ComponentRegistrar::register('module', 'Razorpay_Magent...', '/home/saree/pub...')
#1 /home/saree/public_html/app/etc/NonComposerComponentRegistration.php(29): require_once('/home/saree/pub...')
#2 [internal function]: Magento\NonComposerComponentRegistration\{closure}('/home/saree/pub...')
#3 /home/saree/public_html/app/etc/NonComposerComponentRegistration.php(29): array_map(Object(Closure), Array)
#4 /home/saree/public_html/app/etc/NonComposerComponentRegistration.php(33): Magento\NonComposerComponentRegistration\main()
#5 /home/saree/public_html/vendor/composer/autoload_real.php(70): require('/home/saree/pub...')
#6 /home/s in /home/saree/public_html/vendor/magento/framework/Component/ComponentRegistrar.php on line 50
[26-Feb-2021 11:07:05 UTC] PHP Fatal error:  Uncaught LogicException: Module 'Razorpay_Magento' from '/home/saree/public_html/app/code/Razorpay/Magento' has been already defined in '/home/saree/public_html/vendor/razorpay/magento'. in /home/saree/public_html/vendor/magento/framework/Component/ComponentRegistrar.php:50
Stack trace:
#0 /home/saree/public_html/app/code/Razorpay/Magento/registration.php(6): Magento\Framework\Component\ComponentRegistrar::register('module', 'Razorpay_Magent...', '/home/saree/pub...')
#1 /home/saree/public_html/app/etc/NonComposerComponentRegistration.php(29): require_once('/home/saree/pub...')
#2 [internal function]: Magento\NonComposerComponentRegistration\{closure}('/home/saree/pub...')
#3 /home/saree/public_html/app/etc/NonComposerComponentRegistration.php(29): array_map(Object(Closure), Array)
#4 /home/saree/public_html/app/etc/NonComposerComponentRegistration.php(33): Magento\NonComposerComponentRegistration\main()
#5 /home/saree/public_html/vendor/composer/autoload_real.php(70): require('/home/saree/pub...')
#6 /home/s in /home/saree/public_html/vendor/magento/framework/Component/ComponentRegistrar.php on line 50
[26-Feb-2021 11:07:09 UTC] PHP Fatal error:  Uncaught LogicException: Module 'Razorpay_Magento' from '/home/saree/public_html/app/code/Razorpay/Magento' has been already defined in '/home/saree/public_html/vendor/razorpay/magento'. in /home/saree/public_html/vendor/magento/framework/Component/ComponentRegistrar.php:50
Stack trace:
#0 /home/saree/public_html/app/code/Razorpay/Magento/registration.php(6): Magento\Framework\Component\ComponentRegistrar::register('module', 'Razorpay_Magent...', '/home/saree/pub...')
#1 /home/saree/public_html/app/etc/NonComposerComponentRegistration.php(29): require_once('/home/saree/pub...')
#2 [internal function]: Magento\NonComposerComponentRegistration\{closure}('/home/saree/pub...')
#3 /home/saree/public_html/app/etc/NonComposerComponentRegistration.php(29): array_map(Object(Closure), Array)
#4 /home/saree/public_html/app/etc/NonComposerComponentRegistration.php(33): Magento\NonComposerComponentRegistration\main()
#5 /home/saree/public_html/vendor/composer/autoload_real.php(70): require('/home/saree/pub...')
#6 /home/s in /home/saree/public_html/vendor/magento/framework/Component/ComponentRegistrar.php on line 50
[26-Feb-2021 11:07:34 UTC] PHP Fatal error:  Uncaught LogicException: Module 'Razorpay_Magento' from '/home/saree/public_html/app/code/Razorpay/Magento' has been already defined in '/home/saree/public_html/vendor/razorpay/magento'. in /home/saree/public_html/vendor/magento/framework/Component/ComponentRegistrar.php:50
Stack trace:
#0 /home/saree/public_html/app/code/Razorpay/Magento/registration.php(6): Magento\Framework\Component\ComponentRegistrar::register('module', 'Razorpay_Magent...', '/home/saree/pub...')
#1 /home/saree/public_html/app/etc/NonComposerComponentRegistration.php(29): require_once('/home/saree/pub...')
#2 [internal function]: Magento\NonComposerComponentRegistration\{closure}('/home/saree/pub...')
#3 /home/saree/public_html/app/etc/NonComposerComponentRegistration.php(29): array_map(Object(Closure), Array)
#4 /home/saree/public_html/app/etc/NonComposerComponentRegistration.php(33): Magento\NonComposerComponentRegistration\main()
#5 /home/saree/public_html/vendor/composer/autoload_real.php(70): require('/home/saree/pub...')
#6 /home/s in /home/saree/public_html/vendor/magento/framework/Component/ComponentRegistrar.php on line 50
[26-Feb-2021 11:08:01 UTC] PHP Fatal error:  Uncaught LogicException: Module 'Razorpay_Magento' from '/home/saree/public_html/app/code/Razorpay/Magento' has been already defined in '/home/saree/public_html/vendor/razorpay/magento'. in /home/saree/public_html/vendor/magento/framework/Component/ComponentRegistrar.php:50
Stack trace:
#0 /home/saree/public_html/app/code/Razorpay/Magento/registration.php(6): Magento\Framework\Component\ComponentRegistrar::register('module', 'Razorpay_Magent...', '/home/saree/pub...')
#1 /home/saree/public_html/app/etc/NonComposerComponentRegistration.php(29): require_once('/home/saree/pub...')
#2 [internal function]: Magento\NonComposerComponentRegistration\{closure}('/home/saree/pub...')
#3 /home/saree/public_html/app/etc/NonComposerComponentRegistration.php(29): array_map(Object(Closure), Array)
#4 /home/saree/public_html/app/etc/NonComposerComponentRegistration.php(33): Magento\NonComposerComponentRegistration\main()
#5 /home/saree/public_html/vendor/composer/autoload_real.php(70): require('/home/saree/pub...')
#6 /home/s in /home/saree/public_html/vendor/magento/framework/Component/ComponentRegistrar.php on line 50
[02-Apr-2021 08:40:39 UTC] PHP Fatal error:  Uncaught Exception: Vendor autoload is not found. Please run 'composer install' under application root directory. in /home/saree/public_html/app/autoload.php:35
Stack trace:
#0 /home/saree/public_html/app/bootstrap.php(31): require_once()
#1 /home/saree/public_html/pub/errors/processorFactory.php(8): require_once('/home/saree/pub...')
#2 /home/saree/public_html/pub/errors/404.php(7): require_once('/home/saree/pub...')
#3 {main}
  thrown in /home/saree/public_html/app/autoload.php on line 35
[02-Apr-2021 08:41:22 UTC] PHP Fatal error:  Uncaught Exception: Vendor autoload is not found. Please run 'composer install' under application root directory. in /home/saree/public_html/app/autoload.php:35
Stack trace:
#0 /home/saree/public_html/app/bootstrap.php(31): require_once()
#1 /home/saree/public_html/pub/errors/processorFactory.php(8): require_once('/home/saree/pub...')
#2 /home/saree/public_html/pub/errors/404.php(7): require_once('/home/saree/pub...')
#3 {main}
  thrown in /home/saree/public_html/app/autoload.php on line 35
[02-Apr-2021 08:42:55 UTC] PHP Warning:  include(/home/saree/public_html/vendor/magento/framework/ObjectManager/Config/Config.php): failed to open stream: Permission denied in /home/saree/public_html/vendor/composer/ClassLoader.php on line 444
[02-Apr-2021 08:42:55 UTC] PHP Warning:  include(/home/saree/public_html/vendor/magento/framework/App/Cache/Type/Config.php): failed to open stream: Permission denied in /home/saree/public_html/vendor/composer/ClassLoader.php on line 444
[02-Apr-2021 08:42:55 UTC] PHP Warning:  include(/home/saree/public_html/vendor/magento/framework/Interception/Config/Config.php): failed to open stream: Permission denied in /home/saree/public_html/vendor/composer/ClassLoader.php on line 444
[02-Apr-2021 08:42:55 UTC] PHP Warning:  include(/home/saree/public_html/vendor/magento/framework/App/Config.php): failed to open stream: Permission denied in /home/saree/public_html/vendor/composer/ClassLoader.php on line 444
[02-Apr-2021 08:42:55 UTC] PHP Warning:  include(/home/saree/public_html/vendor/magento/framework/App/ResourceConnection/Config.php): failed to open stream: Permission denied in /home/saree/public_html/vendor/composer/ClassLoader.php on line 444
[02-Apr-2021 08:43:14 UTC] PHP Warning:  include(/home/saree/public_html/vendor/magento/framework/ObjectManager/Config/Config.php): failed to open stream: Permission denied in /home/saree/public_html/vendor/composer/ClassLoader.php on line 444
[02-Apr-2021 08:43:14 UTC] PHP Warning:  include(/home/saree/public_html/vendor/magento/framework/App/Cache/Type/Config.php): failed to open stream: Permission denied in /home/saree/public_html/vendor/composer/ClassLoader.php on line 444
[02-Apr-2021 08:43:14 UTC] PHP Warning:  include(/home/saree/public_html/vendor/magento/framework/Interception/Config/Config.php): failed to open stream: Permission denied in /home/saree/public_html/vendor/composer/ClassLoader.php on line 444
[02-Apr-2021 08:43:15 UTC] PHP Warning:  include(/home/saree/public_html/vendor/magento/framework/ObjectManager/Config/Config.php): failed to open stream: Permission denied in /home/saree/public_html/vendor/composer/ClassLoader.php on line 444
[02-Apr-2021 08:43:15 UTC] PHP Warning:  include(/home/saree/public_html/vendor/magento/framework/App/Config.php): failed to open stream: Permission denied in /home/saree/public_html/vendor/composer/ClassLoader.php on line 444
[02-Apr-2021 08:43:15 UTC] PHP Warning:  include(/home/saree/public_html/vendor/magento/framework/App/ResourceConnection/Config.php): failed to open stream: Permission denied in /home/saree/public_html/vendor/composer/ClassLoader.php on line 444
[02-Apr-2021 08:43:15 UTC] PHP Warning:  include(/home/saree/public_html/vendor/magento/framework/App/Cache/Type/Config.php): failed to open stream: Permission denied in /home/saree/public_html/vendor/composer/ClassLoader.php on line 444
[02-Apr-2021 08:43:15 UTC] PHP Warning:  include(/home/saree/public_html/vendor/magento/framework/Interception/Config/Config.php): failed to open stream: Permission denied in /home/saree/public_html/vendor/composer/ClassLoader.php on line 444
[02-Apr-2021 08:43:15 UTC] PHP Warning:  include(/home/saree/public_html/vendor/magento/framework/App/Config.php): failed to open stream: Permission denied in /home/saree/public_html/vendor/composer/ClassLoader.php on line 444
[02-Apr-2021 08:43:15 UTC] PHP Warning:  include(/home/saree/public_html/vendor/magento/framework/App/ResourceConnection/Config.php): failed to open stream: Permission denied in /home/saree/public_html/vendor/composer/ClassLoader.php on line 444
[02-Apr-2021 08:43:23 UTC] PHP Warning:  include(/home/saree/public_html/vendor/magento/framework/ObjectManager/Config/Config.php): failed to open stream: Permission denied in /home/saree/public_html/vendor/composer/ClassLoader.php on line 444
[02-Apr-2021 08:43:23 UTC] PHP Warning:  include(/home/saree/public_html/vendor/magento/framework/App/Cache/Type/Config.php): failed to open stream: Permission denied in /home/saree/public_html/vendor/composer/ClassLoader.php on line 444
[02-Apr-2021 08:43:23 UTC] PHP Warning:  include(/home/saree/public_html/vendor/magento/framework/Interception/Config/Config.php): failed to open stream: Permission denied in /home/saree/public_html/vendor/composer/ClassLoader.php on line 444
[02-Apr-2021 08:43:24 UTC] PHP Warning:  include(/home/saree/public_html/vendor/magento/framework/App/Config.php): failed to open stream: Permission denied in /home/saree/public_html/vendor/composer/ClassLoader.php on line 444
[02-Apr-2021 08:43:24 UTC] PHP Warning:  include(/home/saree/public_html/vendor/magento/framework/App/ResourceConnection/Config.php): failed to open stream: Permission denied in /home/saree/public_html/vendor/composer/ClassLoader.php on line 444
[02-Apr-2021 08:43:53 UTC] PHP Warning:  include(/home/saree/public_html/vendor/magento/framework/ObjectManager/Config/Config.php): failed to open stream: Permission denied in /home/saree/public_html/vendor/composer/ClassLoader.php on line 444
[02-Apr-2021 08:43:53 UTC] PHP Warning:  include(/home/saree/public_html/vendor/magento/framework/App/Cache/Type/Config.php): failed to open stream: Permission denied in /home/saree/public_html/vendor/composer/ClassLoader.php on line 444
[02-Apr-2021 08:43:53 UTC] PHP Warning:  include(/home/saree/public_html/vendor/magento/framework/Interception/Config/Config.php): failed to open stream: Permission denied in /home/saree/public_html/vendor/composer/ClassLoader.php on line 444
[02-Apr-2021 08:43:53 UTC] PHP Warning:  include(/home/saree/public_html/vendor/magento/framework/App/Config.php): failed to open stream: Permission denied in /home/saree/public_html/vendor/composer/ClassLoader.php on line 444
[02-Apr-2021 08:43:53 UTC] PHP Warning:  include(/home/saree/public_html/vendor/magento/framework/App/ResourceConnection/Config.php): failed to open stream: Permission denied in /home/saree/public_html/vendor/composer/ClassLoader.php on line 444
[02-Apr-2021 08:44:02 UTC] PHP Warning:  include(/home/saree/public_html/vendor/magento/framework/ObjectManager/Config/Config.php): failed to open stream: Permission denied in /home/saree/public_html/vendor/composer/ClassLoader.php on line 444
[02-Apr-2021 08:44:02 UTC] PHP Warning:  include(/home/saree/public_html/vendor/magento/framework/App/Cache/Type/Config.php): failed to open stream: Permission denied in /home/saree/public_html/vendor/composer/ClassLoader.php on line 444
[02-Apr-2021 08:44:02 UTC] PHP Warning:  include(/home/saree/public_html/vendor/magento/framework/Interception/Config/Config.php): failed to open stream: Permission denied in /home/saree/public_html/vendor/composer/ClassLoader.php on line 444
[02-Apr-2021 08:44:02 UTC] PHP Warning:  include(/home/saree/public_html/vendor/magento/framework/App/Config.php): failed to open stream: Permission denied in /home/saree/public_html/vendor/composer/ClassLoader.php on line 444
[02-Apr-2021 08:44:02 UTC] PHP Warning:  include(/home/saree/public_html/vendor/magento/framework/App/ResourceConnection/Config.php): failed to open stream: Permission denied in /home/saree/public_html/vendor/composer/ClassLoader.php on line 444
[02-Apr-2021 08:44:10 UTC] PHP Warning:  include(/home/saree/public_html/vendor/magento/framework/ObjectManager/Config/Config.php): failed to open stream: Permission denied in /home/saree/public_html/vendor/composer/ClassLoader.php on line 444
[02-Apr-2021 08:44:10 UTC] PHP Warning:  include(/home/saree/public_html/vendor/magento/framework/App/Cache/Type/Config.php): failed to open stream: Permission denied in /home/saree/public_html/vendor/composer/ClassLoader.php on line 444
[02-Apr-2021 08:44:10 UTC] PHP Warning:  include(/home/saree/public_html/vendor/magento/framework/Interception/Config/Config.php): failed to open stream: Permission denied in /home/saree/public_html/vendor/composer/ClassLoader.php on line 444
[02-Apr-2021 08:44:11 UTC] PHP Warning:  include(/home/saree/public_html/vendor/magento/framework/App/Config.php): failed to open stream: Permission denied in /home/saree/public_html/vendor/composer/ClassLoader.php on line 444
[02-Apr-2021 08:44:11 UTC] PHP Warning:  include(/home/saree/public_html/vendor/magento/framework/App/ResourceConnection/Config.php): failed to open stream: Permission denied in /home/saree/public_html/vendor/composer/ClassLoader.php on line 444
[02-Apr-2021 08:44:25 UTC] PHP Warning:  include(/home/saree/public_html/vendor/magento/framework/ObjectManager/Config/Config.php): failed to open stream: Permission denied in /home/saree/public_html/vendor/composer/ClassLoader.php on line 444
[02-Apr-2021 08:44:25 UTC] PHP Warning:  include(/home/saree/public_html/vendor/magento/framework/App/Cache/Type/Config.php): failed to open stream: Permission denied in /home/saree/public_html/vendor/composer/ClassLoader.php on line 444
[02-Apr-2021 08:44:25 UTC] PHP Warning:  include(/home/saree/public_html/vendor/magento/framework/Interception/Config/Config.php): failed to open stream: Permission denied in /home/saree/public_html/vendor/composer/ClassLoader.php on line 444
[02-Apr-2021 08:44:25 UTC] PHP Warning:  include(/home/saree/public_html/vendor/magento/framework/App/Config.php): failed to open stream: Permission denied in /home/saree/public_html/vendor/composer/ClassLoader.php on line 444
[02-Apr-2021 08:44:25 UTC] PHP Warning:  include(/home/saree/public_html/vendor/magento/framework/App/ResourceConnection/Config.php): failed to open stream: Permission denied in /home/saree/public_html/vendor/composer/ClassLoader.php on line 444
[02-Apr-2021 08:44:41 UTC] PHP Warning:  include(/home/saree/public_html/vendor/magento/framework/ObjectManager/Config/Config.php): failed to open stream: Permission denied in /home/saree/public_html/vendor/composer/ClassLoader.php on line 444
[02-Apr-2021 08:44:41 UTC] PHP Warning:  include(/home/saree/public_html/vendor/magento/framework/App/Cache/Type/Config.php): failed to open stream: Permission denied in /home/saree/public_html/vendor/composer/ClassLoader.php on line 444
[02-Apr-2021 08:44:41 UTC] PHP Warning:  include(/home/saree/public_html/vendor/magento/framework/Interception/Config/Config.php): failed to open stream: Permission denied in /home/saree/public_html/vendor/composer/ClassLoader.php on line 444
[02-Apr-2021 08:44:41 UTC] PHP Warning:  include(/home/saree/public_html/vendor/magento/framework/App/Config.php): failed to open stream: Permission denied in /home/saree/public_html/vendor/composer/ClassLoader.php on line 444
[02-Apr-2021 08:44:41 UTC] PHP Warning:  include(/home/saree/public_html/vendor/magento/framework/App/ResourceConnection/Config.php): failed to open stream: Permission denied in /home/saree/public_html/vendor/composer/ClassLoader.php on line 444
[02-Apr-2021 09:00:57 UTC] PHP Fatal error:  Uncaught LogicException: Theme 'frontend/Swissup/saree-luxury' from '/home/saree/public_html/app/design/frontend/Swissup/saree-luxury-backup' has been already defined in '/home/saree/public_html/app/design/frontend/Swissup/saree-luxury'. in /home/saree/public_html/vendor/magento/framework/Component/ComponentRegistrar.php:50
Stack trace:
#0 /home/saree/public_html/app/design/frontend/Swissup/saree-luxury-backup/registration.php(5): Magento\Framework\Component\ComponentRegistrar::register('theme', 'frontend/Swissu...', '/home/saree/pub...')
#1 /home/saree/public_html/app/etc/NonComposerComponentRegistration.php(29): require_once('/home/saree/pub...')
#2 [internal function]: Magento\NonComposerComponentRegistration\{closure}('/home/saree/pub...')
#3 /home/saree/public_html/app/etc/NonComposerComponentRegistration.php(29): array_map(Object(Closure), Array)
#4 /home/saree/public_html/app/etc/NonComposerComponentRegistration.php(33): Magento\NonComposerComponentRegistration\main()
#5 /home/saree/public_html/vendor/ in /home/saree/public_html/vendor/magento/framework/Component/ComponentRegistrar.php on line 50
[02-Apr-2021 09:01:03 UTC] PHP Fatal error:  Uncaught LogicException: Theme 'frontend/Swissup/saree-luxury' from '/home/saree/public_html/app/design/frontend/Swissup/saree-luxury-backup' has been already defined in '/home/saree/public_html/app/design/frontend/Swissup/saree-luxury'. in /home/saree/public_html/vendor/magento/framework/Component/ComponentRegistrar.php:50
Stack trace:
#0 /home/saree/public_html/app/design/frontend/Swissup/saree-luxury-backup/registration.php(5): Magento\Framework\Component\ComponentRegistrar::register('theme', 'frontend/Swissu...', '/home/saree/pub...')
#1 /home/saree/public_html/app/etc/NonComposerComponentRegistration.php(29): require_once('/home/saree/pub...')
#2 [internal function]: Magento\NonComposerComponentRegistration\{closure}('/home/saree/pub...')
#3 /home/saree/public_html/app/etc/NonComposerComponentRegistration.php(29): array_map(Object(Closure), Array)
#4 /home/saree/public_html/app/etc/NonComposerComponentRegistration.php(33): Magento\NonComposerComponentRegistration\main()
#5 /home/saree/public_html/vendor/ in /home/saree/public_html/vendor/magento/framework/Component/ComponentRegistrar.php on line 50
[02-Apr-2021 09:01:11 UTC] PHP Fatal error:  Uncaught LogicException: Theme 'frontend/Swissup/saree-luxury' from '/home/saree/public_html/app/design/frontend/Swissup/saree-luxury-backup' has been already defined in '/home/saree/public_html/app/design/frontend/Swissup/saree-luxury'. in /home/saree/public_html/vendor/magento/framework/Component/ComponentRegistrar.php:50
Stack trace:
#0 /home/saree/public_html/app/design/frontend/Swissup/saree-luxury-backup/registration.php(5): Magento\Framework\Component\ComponentRegistrar::register('theme', 'frontend/Swissu...', '/home/saree/pub...')
#1 /home/saree/public_html/app/etc/NonComposerComponentRegistration.php(29): require_once('/home/saree/pub...')
#2 [internal function]: Magento\NonComposerComponentRegistration\{closure}('/home/saree/pub...')
#3 /home/saree/public_html/app/etc/NonComposerComponentRegistration.php(29): array_map(Object(Closure), Array)
#4 /home/saree/public_html/app/etc/NonComposerComponentRegistration.php(33): Magento\NonComposerComponentRegistration\main()
#5 /home/saree/public_html/vendor/ in /home/saree/public_html/vendor/magento/framework/Component/ComponentRegistrar.php on line 50
[02-Apr-2021 09:01:12 UTC] PHP Fatal error:  Uncaught LogicException: Theme 'frontend/Swissup/saree-luxury' from '/home/saree/public_html/app/design/frontend/Swissup/saree-luxury-backup' has been already defined in '/home/saree/public_html/app/design/frontend/Swissup/saree-luxury'. in /home/saree/public_html/vendor/magento/framework/Component/ComponentRegistrar.php:50
Stack trace:
#0 /home/saree/public_html/app/design/frontend/Swissup/saree-luxury-backup/registration.php(5): Magento\Framework\Component\ComponentRegistrar::register('theme', 'frontend/Swissu...', '/home/saree/pub...')
#1 /home/saree/public_html/app/etc/NonComposerComponentRegistration.php(29): require_once('/home/saree/pub...')
#2 [internal function]: Magento\NonComposerComponentRegistration\{closure}('/home/saree/pub...')
#3 /home/saree/public_html/app/etc/NonComposerComponentRegistration.php(29): array_map(Object(Closure), Array)
#4 /home/saree/public_html/app/etc/NonComposerComponentRegistration.php(33): Magento\NonComposerComponentRegistration\main()
#5 /home/saree/public_html/vendor/ in /home/saree/public_html/vendor/magento/framework/Component/ComponentRegistrar.php on line 50
[13-Apr-2023 08:04:22 UTC] PHP Notice:  Trying to access array offset on value of type null in /home/saree/public_html/pub/errors/default/report.phtml on line 73
[13-Apr-2023 08:04:26 UTC] PHP Notice:  Trying to access array offset on value of type null in /home/saree/public_html/pub/errors/default/report.phtml on line 73
[14-Apr-2023 16:11:10 UTC] PHP Notice:  Trying to access array offset on value of type null in /home/saree/public_html/pub/errors/default/report.phtml on line 73
[14-Apr-2023 16:11:15 UTC] PHP Notice:  Trying to access array offset on value of type null in /home/saree/public_html/pub/errors/default/report.phtml on line 73
[21-Apr-2023 08:08:27 UTC] PHP Notice:  Trying to access array offset on value of type null in /home/saree/public_html/pub/errors/default/report.phtml on line 73
[21-Apr-2023 08:08:34 UTC] PHP Notice:  Trying to access array offset on value of type null in /home/saree/public_html/pub/errors/default/report.phtml on line 73
[22-Apr-2023 03:01:44 UTC] PHP Notice:  Trying to access array offset on value of type null in /home/saree/public_html/pub/errors/default/report.phtml on line 73
[22-Apr-2023 03:01:47 UTC] PHP Notice:  Trying to access array offset on value of type null in /home/saree/public_html/pub/errors/default/report.phtml on line 73
[27-Apr-2023 09:02:47 UTC] PHP Notice:  Trying to access array offset on value of type null in /home/saree/public_html/pub/errors/default/report.phtml on line 73
[27-Apr-2023 09:02:48 UTC] PHP Notice:  Trying to access array offset on value of type null in /home/saree/public_html/pub/errors/default/report.phtml on line 73
[27-Apr-2023 19:18:20 UTC] PHP Notice:  Trying to access array offset on value of type null in /home/saree/public_html/pub/errors/default/report.phtml on line 73
[27-Apr-2023 19:18:22 UTC] PHP Notice:  Trying to access array offset on value of type null in /home/saree/public_html/pub/errors/default/report.phtml on line 73
[28-Apr-2023 04:58:54 UTC] PHP Notice:  Trying to access array offset on value of type null in /home/saree/public_html/pub/errors/default/report.phtml on line 73
[28-Apr-2023 04:58:58 UTC] PHP Notice:  Trying to access array offset on value of type null in /home/saree/public_html/pub/errors/default/report.phtml on line 73
[30-Apr-2023 08:40:40 UTC] PHP Notice:  Trying to access array offset on value of type null in /home/saree/public_html/pub/errors/default/report.phtml on line 73
[30-Apr-2023 08:40:45 UTC] PHP Notice:  Trying to access array offset on value of type null in /home/saree/public_html/pub/errors/default/report.phtml on line 73
[01-May-2023 08:10:20 UTC] PHP Notice:  Trying to access array offset on value of type null in /home/saree/public_html/pub/errors/default/report.phtml on line 73
[01-May-2023 08:10:26 UTC] PHP Notice:  Trying to access array offset on value of type null in /home/saree/public_html/pub/errors/default/report.phtml on line 73
[19-May-2023 12:12:16 UTC] PHP Notice:  Trying to access array offset on value of type null in /home/saree/public_html/pub/errors/default/report.phtml on line 73
[19-May-2023 12:12:21 UTC] PHP Notice:  Trying to access array offset on value of type null in /home/saree/public_html/pub/errors/default/report.phtml on line 73
[19-May-2023 16:51:42 UTC] PHP Notice:  Trying to access array offset on value of type null in /home/saree/public_html/pub/errors/default/report.phtml on line 73
[19-May-2023 16:51:47 UTC] PHP Notice:  Trying to access array offset on value of type null in /home/saree/public_html/pub/errors/default/report.phtml on line 73
